Log file open, 02/16/22 00:10:29
LogWindows: Failed to load 'aqProf.dll' (GetLastError=126)
LogWindows: File 'aqProf.dll' does not exist
LogWindows: Failed to load 'VtuneApi.dll' (GetLastError=126)
LogWindows: File 'VtuneApi.dll' does not exist
LogWindows: Failed to load 'VtuneApi32e.dll' (GetLastError=126)
LogWindows: File 'VtuneApi32e.dll' does not exist
LogConsoleResponse: Display: Failed to find resolution value strings in scalability ini. Falling back to default.
LogConsoleResponse: Display: Failed to find resolution value strings in scalability ini. Falling back to default.
LogInit: Display: Running engine for game: Workshop
LogPlatformFile: Not using cached read wrapper
LogTaskGraph: Started task graph with 5 named threads and 14 total threads with 3 sets of task threads.
LogStats: Stats thread started at 0.267106
LogICUInternationalization: ICU TimeZone Detection - Raw Offset: -3:00, Platform Override: ''
LogInit: Display: Loading text-based GConfig....
LogPluginManager: Mounting plugin MeshPainting
LogPluginManager: Mounting plugin XGEController
LogPluginManager: Mounting plugin Paper2D
LogPluginManager: Mounting plugin AISupport
LogPluginManager: Mounting plugin EnvironmentQueryEditor
LogPluginManager: Mounting plugin LightPropagationVolume
LogPluginManager: Mounting plugin CameraShakePreviewer
LogPluginManager: Mounting plugin GameplayCameras
LogPluginManager: Mounting plugin OodleData
LogPluginManager: Mounting plugin OodleNetwork
LogPluginManager: Mounting plugin AnimationSharing
LogPluginManager: Mounting plugin CLionSourceCodeAccess
LogPluginManager: Mounting plugin CodeLiteSourceCodeAccess
LogPluginManager: Mounting plugin GitSourceControl
LogPluginManager: Mounting plugin KDevelopSourceCodeAccess
LogPluginManager: Mounting plugin NullSourceCodeAccess
LogPluginManager: Mounting plugin PerforceSourceControl
LogPluginManager: Mounting plugin PixWinPlugin
LogPluginManager: Mounting plugin PlasticSourceControl
LogPluginManager: Mounting plugin PluginUtils
LogPluginManager: Mounting plugin PropertyAccessNode
LogPluginManager: Mounting plugin RiderSourceCodeAccess
LogPluginManager: Mounting plugin TextureFormatOodle
LogPluginManager: Mounting plugin SubversionSourceControl
LogPluginManager: Mounting plugin UObjectPlugin
LogPluginManager: Mounting plugin VisualStudioCodeSourceCodeAccess
LogPluginManager: Mounting plugin VisualStudioSourceCodeAccess
LogPluginManager: Mounting plugin XCodeSourceCodeAccess
LogPluginManager: Mounting plugin AssetManagerEditor
LogPluginManager: Mounting plugin CryptoKeys
LogPluginManager: Mounting plugin CurveEditorTools
LogPluginManager: Mounting plugin DataValidation
LogPluginManager: Mounting plugin FacialAnimation
LogPluginManager: Mounting plugin GameplayTagsEditor
LogPluginManager: Mounting plugin GeometryMode
LogPluginManager: Mounting plugin MacGraphicsSwitching
LogPluginManager: Mounting plugin MaterialAnalyzer
LogPluginManager: Mounting plugin MobileLauncherProfileWizard
LogPluginManager: Mounting plugin PluginBrowser
LogPluginManager: Mounting plugin SpeedTreeImporter
LogPluginManager: Mounting plugin DatasmithContent
LogPluginManager: Mounting plugin VariantManagerContent
LogPluginManager: Mounting plugin Niagara
LogPluginManager: Mounting plugin AlembicImporter
LogPluginManager: Mounting plugin AutomationUtils
LogPluginManager: Mounting plugin BackChannel
LogPluginManager: Mounting plugin ChaosCloth
LogPluginManager: Mounting plugin ChaosClothEditor
LogPluginManager: Mounting plugin ChaosEditor
LogPluginManager: Mounting plugin ChaosNiagara
LogPluginManager: Mounting plugin ChaosSolverPlugin
LogPluginManager: Mounting plugin CharacterAI
LogPluginManager: Mounting plugin GeometryCache
LogPluginManager: Mounting plugin GeometryCollectionPlugin
LogPluginManager: Mounting plugin GeometryProcessing
LogPluginManager: Mounting plugin MotoSynth
LogPluginManager: Mounting plugin OpenImageDenoise
LogPluginManager: Mounting plugin PlanarCut
LogPluginManager: Mounting plugin PlatformCrypto
LogPluginManager: Mounting plugin ProxyLODPlugin
LogPluginManager: Mounting plugin PythonScriptPlugin
LogPluginManager: Mounting plugin LuminPlatformFeatures
LogPluginManager: Mounting plugin MagicLeap
LogPluginManager: Mounting plugin MagicLeapLightEstimation
LogPluginManager: Mounting plugin MagicLeapMedia
LogPluginManager: Mounting plugin MagicLeapPassableWorld
LogPluginManager: Mounting plugin MLSDK
LogPluginManager: Mounting plugin SkeletalReduction
LogPluginManager: Mounting plugin ActorSequence
LogPluginManager: Mounting plugin LevelSequenceEditor
LogPluginManager: Mounting plugin MatineeToLevelSequence
LogPluginManager: Mounting plugin TemplateSequence
LogPluginManager: Mounting plugin OnlineSubsystem
LogPluginManager: Mounting plugin OnlineSubsystemNull
LogPluginManager: Mounting plugin OnlineSubsystemUtils
LogPluginManager: Mounting plugin TcpMessaging
LogPluginManager: Mounting plugin UdpMessaging
LogPluginManager: Mounting plugin LauncherChunkInstaller
LogPluginManager: Mounting plugin ActorLayerUtilities
LogPluginManager: Mounting plugin AndroidDeviceProfileSelector
LogPluginManager: Mounting plugin AndroidMoviePlayer
LogPluginManager: Mounting plugin AndroidPermission
LogPluginManager: Mounting plugin AppleImageUtils
LogPluginManager: Mounting plugin AppleMoviePlayer
LogPluginManager: Mounting plugin AssetTags
LogPluginManager: Mounting plugin AudioCapture
LogPluginManager: Mounting plugin ArchVisCharacter
LogPluginManager: Mounting plugin AudioSynesthesia
LogPluginManager: Mounting plugin ChunkDownloader
LogPluginManager: Mounting plugin CableComponent
LogPluginManager: Mounting plugin CustomMeshComponent
LogPluginManager: Mounting plugin EditableMesh
LogPluginManager: Mounting plugin ExampleDeviceProfileSelector
LogPluginManager: Mounting plugin GoogleCloudMessaging
LogPluginManager: Mounting plugin GooglePAD
LogPluginManager: Mounting plugin IOSDeviceProfileSelector
LogPluginManager: Mounting plugin LinuxDeviceProfileSelector
LogPluginManager: Mounting plugin LocationServicesBPLibrary
LogPluginManager: Mounting plugin MobilePatchingUtils
LogPluginManager: Mounting plugin PhysXVehicles
LogPluginManager: Mounting plugin PostSplashScreen
LogPluginManager: Mounting plugin ProceduralMeshComponent
LogPluginManager: Mounting plugin PropertyAccessEditor
LogPluginManager: Mounting plugin RuntimePhysXCooking
LogPluginManager: Mounting plugin SignificanceManager
LogPluginManager: Mounting plugin SoundFields
LogPluginManager: Mounting plugin Synthesis
LogPluginManager: Mounting plugin WebMMoviePlayer
LogPluginManager: Mounting plugin WindowsMoviePlayer
LogPluginManager: Mounting plugin ScreenshotTools
LogPluginManager: Mounting plugin AndroidMedia
LogPluginManager: Mounting plugin AvfMedia
LogPluginManager: Mounting plugin ImgMedia
LogPluginManager: Mounting plugin MediaCompositing
LogPluginManager: Mounting plugin MediaPlayerEditor
LogPluginManager: Mounting plugin WebMMedia
LogPluginManager: Mounting plugin WmfMedia
LogPluginManager: Mounting plugin ContentBrowserAssetDataSource
LogPluginManager: Mounting plugin ContentBrowserClassDataSource
LogPluginManager: Mounting plugin ContentBrowserFileDataSource
LogPluginManager: Mounting plugin OnlineSubsystemGooglePlay
LogPluginManager: Mounting plugin OnlineSubsystemIOS
PixWinPlugin: PIX capture plugin failed to initialize! Check that the process is launched from PIX.
LogInit: Using libcurl 7.55.1-DEV
LogInit:  - built for x86_64-pc-win32
LogInit:  - supports SSL with OpenSSL/1.1.1
LogInit:  - supports HTTP deflate (compression) using libz 1.2.8
LogInit:  - other features:
LogInit:      CURL_VERSION_SSL
LogInit:      CURL_VERSION_LIBZ
LogInit:      CURL_VERSION_IPV6
LogInit:      CURL_VERSION_ASYNCHDNS
LogInit:      CURL_VERSION_LARGEFILE
LogInit:      CURL_VERSION_IDN
LogInit:  CurlRequestOptions (configurable via config and command line):
LogInit:  - bVerifyPeer = true  - Libcurl will verify peer certificate
LogInit:  - bUseHttpProxy = false  - Libcurl will NOT use HTTP proxy
LogInit:  - bDontReuseConnections = false  - Libcurl will reuse connections
LogInit:  - MaxHostConnections = 16  - Libcurl will limit the number of connections to a host
LogInit:  - LocalHostAddr = Default
LogInit:  - BufferSize = 65536
LogOnline: OSS: Creating online subsystem instance for: NULL
LogInit: WinSock: version 1.1 (2.2), MaxSocks=32767, MaxUdp=65467
LogOnline: OSS: TryLoadSubsystemAndSetDefault: Loaded subsystem for module [NULL]
LogInit: Build: ++UE4+Release-4.27-CL-18319896
LogInit: Engine Version: 4.27.2-18319896+++UE4+Release-4.27
LogInit: Compatible Engine Version: 4.27.0-17155196+++UE4+Release-4.27
LogInit: Net CL: 17155196
LogInit: OS: Windows 10 (Release 2009) (), CPU: Intel(R) Core(TM) i5-7600 CPU @ 3.50GHz, GPU: Radeon Pro 575
LogInit: Compiled (64-bit): Nov 30 2021 07:12:08
LogInit: Compiled with Visual C++: 19.24.28315.00
LogInit: Build Configuration: Development
LogInit: Branch Name: ++UE4+Release-4.27
LogInit: Command Line: 
LogInit: Base Directory: C:/Program Files/Epic Games/UE_4.27/Engine/Binaries/Win64/
LogInit: Allocator: TBB
LogInit: Installed Engine Build: 1
LogDevObjectVersion: Number of dev versions registered: 29
LogDevObjectVersion:   Dev-Blueprints (B0D832E4-1F89-4F0D-ACCF-7EB736FD4AA2): 10
LogDevObjectVersion:   Dev-Build (E1C64328-A22C-4D53-A36C-8E866417BD8C): 0
LogDevObjectVersion:   Dev-Core (375EC13C-06E4-48FB-B500-84F0262A717E): 4
LogDevObjectVersion:   Dev-Editor (E4B068ED-F494-42E9-A231-DA0B2E46BB41): 40
LogDevObjectVersion:   Dev-Framework (CFFC743F-43B0-4480-9391-14DF171D2073): 37
LogDevObjectVersion:   Dev-Mobile (B02B49B5-BB20-44E9-A304-32B752E40360): 3
LogDevObjectVersion:   Dev-Networking (A4E4105C-59A1-49B5-A7C5-40C4547EDFEE): 0
LogDevObjectVersion:   Dev-Online (39C831C9-5AE6-47DC-9A44-9C173E1C8E7C): 0
LogDevObjectVersion:   Dev-Physics (78F01B33-EBEA-4F98-B9B4-84EACCB95AA2): 14
LogDevObjectVersion:   Dev-Platform (6631380F-2D4D-43E0-8009-CF276956A95A): 0
LogDevObjectVersion:   Dev-Rendering (12F88B9F-8875-4AFC-A67C-D90C383ABD29): 45
LogDevObjectVersion:   Dev-Sequencer (7B5AE74C-D270-4C10-A958-57980B212A5A): 13
LogDevObjectVersion:   Dev-VR (D7296918-1DD6-4BDD-9DE2-64A83CC13884): 3
LogDevObjectVersion:   Dev-LoadTimes (C2A15278-BFE7-4AFE-6C17-90FF531DF755): 1
LogDevObjectVersion:   Private-Geometry (6EACA3D4-40EC-4CC1-B786-8BED09428FC5): 3
LogDevObjectVersion:   Dev-AnimPhys (29E575DD-E0A3-4627-9D10-D276232CDCEA): 17
LogDevObjectVersion:   Dev-Anim (AF43A65D-7FD3-4947-9873-3E8ED9C1BB05): 15
LogDevObjectVersion:   Dev-ReflectionCapture (6B266CEC-1EC7-4B8F-A30B-E4D90942FC07): 1
LogDevObjectVersion:   Dev-Automation (0DF73D61-A23F-47EA-B727-89E90C41499A): 1
LogDevObjectVersion:   FortniteMain (601D1886-AC64-4F84-AA16-D3DE0DEAC7D6): 47
LogDevObjectVersion:   FortniteRelease (E7086368-6B23-4C58-8439-1B7016265E91): 1
LogDevObjectVersion:   Dev-Enterprise (9DFFBCD6-494F-0158-E221-12823C92A888): 10
LogDevObjectVersion:   Dev-Niagara (F2AED0AC-9AFE-416F-8664-AA7FFA26D6FC): 1
LogDevObjectVersion:   Dev-Destruction (174F1F0B-B4C6-45A5-B13F-2EE8D0FB917D): 10
LogDevObjectVersion:   Dev-Physics-Ext (35F94A83-E258-406C-A318-09F59610247C): 41
LogDevObjectVersion:   Dev-PhysicsMaterial-Chaos (B68FC16E-8B1B-42E2-B453-215C058844FE): 1
LogDevObjectVersion:   Dev-CineCamera (B2E18506-4273-CFC2-A54E-F4BB758BBA07): 1
LogDevObjectVersion:   Dev-VirtualProduction (64F58936-FD1B-42BA-BA96-7289D5D0FA4E): 1
LogDevObjectVersion:   Dev-MediaFramework (6F0ED827-A609-4895-9C91-998D90180EA4): 2
LogInit: Presizing for max 25165824 objects, including 0 objects not considered by GC, pre-allocating 0 bytes for permanent pool.
LogConfig: Applying CVar settings from Section [/Script/Engine.StreamingSettings] File [C:/Users/linus/Documents/GitHub/Workshop/Saved/Config/Windows/Engine.ini]
LogConfig: Setting CVar [[s.MinBulkDataSizeForAsyncLoading:131072]]
LogConfig: Setting CVar [[s.AsyncLoadingThreadEnabled:0]]
LogConfig: Setting CVar [[s.EventDrivenLoaderEnabled:1]]
LogConfig: Setting CVar [[s.WarnIfTimeLimitExceeded:0]]
LogConfig: Setting CVar [[s.TimeLimitExceededMultiplier:1.5]]
LogConfig: Setting CVar [[s.TimeLimitExceededMinTime:0.005]]
LogConfig: Setting CVar [[s.UseBackgroundLevelStreaming:1]]
LogConfig: Setting CVar [[s.PriorityAsyncLoadingExtraTime:15.0]]
LogConfig: Setting CVar [[s.LevelStreamingActorsUpdateTimeLimit:5.0]]
LogConfig: Setting CVar [[s.PriorityLevelStreamingActorsUpdateExtraTime:5.0]]
LogConfig: Setting CVar [[s.LevelStreamingComponentsRegistrationGranularity:10]]
LogConfig: Setting CVar [[s.UnregisterComponentsTimeLimit:1.0]]
LogConfig: Setting CVar [[s.LevelStreamingComponentsUnregistrationGranularity:5]]
LogConfig: Setting CVar [[s.FlushStreamingOnExit:1]]
LogInit: Object subsystem initialized
LogConfig: Setting CVar [[con.DebugEarlyDefault:1]]
LogConfig: Setting CVar [[r.setres:1280x720]]
[2022.02.16-03.10.30:504][  0]LogConfig: Setting CVar [[r.VSync:0]]
[2022.02.16-03.10.30:504][  0]LogConfig: Setting CVar [[r.RHICmdBypass:0]]
[2022.02.16-03.10.30:504][  0]LogConfig: Applying CVar settings from Section [/Script/Engine.RendererSettings] File [C:/Users/linus/Documents/GitHub/Workshop/Saved/Config/Windows/Engine.ini]
[2022.02.16-03.10.30:504][  0]LogConfig: Setting CVar [[r.GPUCrashDebugging:0]]
[2022.02.16-03.10.30:504][  0]LogConfig: Applying CVar settings from Section [/Script/Engine.RendererOverrideSettings] File [C:/Users/linus/Documents/GitHub/Workshop/Saved/Config/Windows/Engine.ini]
[2022.02.16-03.10.30:504][  0]LogConfig: Applying CVar settings from Section [/Script/Engine.StreamingSettings] File [C:/Users/linus/Documents/GitHub/Workshop/Saved/Config/Windows/Engine.ini]
[2022.02.16-03.10.30:504][  0]LogConfig: Setting CVar [[s.MinBulkDataSizeForAsyncLoading:131072]]
[2022.02.16-03.10.30:504][  0]LogConfig: Setting CVar [[s.AsyncLoadingThreadEnabled:0]]
[2022.02.16-03.10.30:504][  0]LogConfig: Setting CVar [[s.EventDrivenLoaderEnabled:1]]
[2022.02.16-03.10.30:504][  0]LogConfig: Setting CVar [[s.WarnIfTimeLimitExceeded:0]]
[2022.02.16-03.10.30:504][  0]LogConfig: Setting CVar [[s.TimeLimitExceededMultiplier:1.5]]
[2022.02.16-03.10.30:504][  0]LogConfig: Setting CVar [[s.TimeLimitExceededMinTime:0.005]]
[2022.02.16-03.10.30:504][  0]LogConfig: Setting CVar [[s.UseBackgroundLevelStreaming:1]]
[2022.02.16-03.10.30:504][  0]LogConfig: Setting CVar [[s.PriorityAsyncLoadingExtraTime:15.0]]
[2022.02.16-03.10.30:504][  0]LogConfig: Setting CVar [[s.LevelStreamingActorsUpdateTimeLimit:5.0]]
[2022.02.16-03.10.30:504][  0]LogConfig: Setting CVar [[s.PriorityLevelStreamingActorsUpdateExtraTime:5.0]]
[2022.02.16-03.10.30:504][  0]LogConfig: Setting CVar [[s.LevelStreamingComponentsRegistrationGranularity:10]]
[2022.02.16-03.10.30:504][  0]LogConfig: Setting CVar [[s.UnregisterComponentsTimeLimit:1.0]]
[2022.02.16-03.10.30:504][  0]LogConfig: Setting CVar [[s.LevelStreamingComponentsUnregistrationGranularity:5]]
[2022.02.16-03.10.30:504][  0]LogConfig: Setting CVar [[s.FlushStreamingOnExit:1]]
[2022.02.16-03.10.30:504][  0]LogConfig: Applying CVar settings from Section [/Script/Engine.GarbageCollectionSettings] File [C:/Users/linus/Documents/GitHub/Workshop/Saved/Config/Windows/Engine.ini]
[2022.02.16-03.10.30:504][  0]LogConfig: Setting CVar [[gc.MaxObjectsNotConsideredByGC:1]]
[2022.02.16-03.10.30:504][  0]LogConfig: Setting CVar [[gc.SizeOfPermanentObjectPool:0]]
[2022.02.16-03.10.30:504][  0]LogConfig: Setting CVar [[gc.FlushStreamingOnGC:0]]
[2022.02.16-03.10.30:504][  0]LogConfig: Setting CVar [[gc.NumRetriesBeforeForcingGC:10]]
[2022.02.16-03.10.30:504][  0]LogConfig: Setting CVar [[gc.AllowParallelGC:1]]
[2022.02.16-03.10.30:504][  0]LogConfig: Setting CVar [[gc.TimeBetweenPurgingPendingKillObjects:61.1]]
[2022.02.16-03.10.30:504][  0]LogConfig: Setting CVar [[gc.MaxObjectsInEditor:25165824]]
[2022.02.16-03.10.30:504][  0]LogConfig: Setting CVar [[gc.IncrementalBeginDestroyEnabled:1]]
[2022.02.16-03.10.30:504][  0]LogConfig: Setting CVar [[gc.CreateGCClusters:1]]
[2022.02.16-03.10.30:504][  0]LogConfig: Setting CVar [[gc.MinGCClusterSize:5]]
[2022.02.16-03.10.30:504][  0]LogConfig: Setting CVar [[gc.ActorClusteringEnabled:0]]
[2022.02.16-03.10.30:504][  0]LogConfig: Setting CVar [[gc.BlueprintClusteringEnabled:0]]
[2022.02.16-03.10.30:504][  0]LogConfig: Setting CVar [[gc.UseDisregardForGCOnDedicatedServers:0]]
[2022.02.16-03.10.30:504][  0]LogConfig: Setting CVar [[gc.MultithreadedDestructionEnabled:1]]
[2022.02.16-03.10.30:504][  0]LogConfig: Applying CVar settings from Section [/Script/Engine.NetworkSettings] File [C:/Users/linus/Documents/GitHub/Workshop/Saved/Config/Windows/Engine.ini]
[2022.02.16-03.10.30:504][  0]LogConfig: Applying CVar settings from Section [/Script/UnrealEd.CookerSettings] File [C:/Users/linus/Documents/GitHub/Workshop/Saved/Config/Windows/Engine.ini]
[2022.02.16-03.10.30:509][  0]LogConfig: Applying CVar settings from Section [ViewDistanceQuality@3] File [C:/Users/linus/Documents/GitHub/Workshop/Saved/Config/Windows/Scalability.ini]
[2022.02.16-03.10.30:509][  0]LogConfig: Setting CVar [[r.SkeletalMeshLODBias:0]]
[2022.02.16-03.10.30:509][  0]LogConfig: Setting CVar [[r.ViewDistanceScale:1.0]]
[2022.02.16-03.10.30:509][  0]LogConfig: Applying CVar settings from Section [AntiAliasingQuality@3] File [C:/Users/linus/Documents/GitHub/Workshop/Saved/Config/Windows/Scalability.ini]
[2022.02.16-03.10.30:509][  0]LogConfig: Setting CVar [[r.PostProcessAAQuality:4]]
[2022.02.16-03.10.30:509][  0]LogConfig: Applying CVar settings from Section [ShadowQuality@3] File [C:/Users/linus/Documents/GitHub/Workshop/Saved/Config/Windows/Scalability.ini]
[2022.02.16-03.10.30:509][  0]LogConfig: Setting CVar [[r.LightFunctionQuality:1]]
[2022.02.16-03.10.30:510][  0]LogConfig: Setting CVar [[r.ShadowQuality:5]]
[2022.02.16-03.10.30:510][  0]LogConfig: Setting CVar [[r.Shadow.CSM.MaxCascades:10]]
[2022.02.16-03.10.30:510][  0]LogConfig: Setting CVar [[r.Shadow.MaxResolution:2048]]
[2022.02.16-03.10.30:510][  0]LogConfig: Setting CVar [[r.Shadow.MaxCSMResolution:2048]]
[2022.02.16-03.10.30:510][  0]LogConfig: Setting CVar [[r.Shadow.RadiusThreshold:0.01]]
[2022.02.16-03.10.30:510][  0]LogConfig: Setting CVar [[r.Shadow.DistanceScale:1.0]]
[2022.02.16-03.10.30:510][  0]LogConfig: Setting CVar [[r.Shadow.CSM.TransitionScale:1.0]]
[2022.02.16-03.10.30:510][  0]LogConfig: Setting CVar [[r.Shadow.PreShadowResolutionFactor:1.0]]
[2022.02.16-03.10.30:510][  0]LogConfig: Setting CVar [[r.DistanceFieldShadowing:1]]
[2022.02.16-03.10.30:510][  0]LogConfig: Setting CVar [[r.DistanceFieldAO:1]]
[2022.02.16-03.10.30:510][  0]LogConfig: Setting CVar [[r.AOQuality:2]]
[2022.02.16-03.10.30:510][  0]LogConfig: Setting CVar [[r.VolumetricFog:1]]
[2022.02.16-03.10.30:510][  0]LogConfig: Setting CVar [[r.VolumetricFog.GridPixelSize:8]]
[2022.02.16-03.10.30:510][  0]LogConfig: Setting CVar [[r.VolumetricFog.GridSizeZ:128]]
[2022.02.16-03.10.30:510][  0]LogConfig: Setting CVar [[r.VolumetricFog.HistoryMissSupersampleCount:4]]
[2022.02.16-03.10.30:510][  0]LogConfig: Setting CVar [[r.LightMaxDrawDistanceScale:1]]
[2022.02.16-03.10.30:510][  0]LogConfig: Setting CVar [[r.CapsuleShadows:1]]
[2022.02.16-03.10.30:510][  0]LogConfig: Applying CVar settings from Section [PostProcessQuality@3] File [C:/Users/linus/Documents/GitHub/Workshop/Saved/Config/Windows/Scalability.ini]
[2022.02.16-03.10.30:510][  0]LogConfig: Setting CVar [[r.MotionBlurQuality:4]]
[2022.02.16-03.10.30:510][  0]LogConfig: Setting CVar [[r.AmbientOcclusionMipLevelFactor:0.4]]
[2022.02.16-03.10.30:510][  0]LogConfig: Setting CVar [[r.AmbientOcclusionMaxQuality:100]]
[2022.02.16-03.10.30:510][  0]LogConfig: Setting CVar [[r.AmbientOcclusionLevels:-1]]
[2022.02.16-03.10.30:510][  0]LogConfig: Setting CVar [[r.AmbientOcclusionRadiusScale:1.0]]
[2022.02.16-03.10.30:510][  0]LogConfig: Setting CVar [[r.DepthOfFieldQuality:2]]
[2022.02.16-03.10.30:510][  0]LogConfig: Setting CVar [[r.RenderTargetPoolMin:400]]
[2022.02.16-03.10.30:510][  0]LogConfig: Setting CVar [[r.LensFlareQuality:2]]
[2022.02.16-03.10.30:510][  0]LogConfig: Setting CVar [[r.SceneColorFringeQuality:1]]
[2022.02.16-03.10.30:510][  0]LogConfig: Setting CVar [[r.EyeAdaptationQuality:2]]
[2022.02.16-03.10.30:510][  0]LogConfig: Setting CVar [[r.BloomQuality:5]]
[2022.02.16-03.10.30:510][  0]LogConfig: Setting CVar [[r.FastBlurThreshold:100]]
[2022.02.16-03.10.30:510][  0]LogConfig: Setting CVar [[r.Upscale.Quality:3]]
[2022.02.16-03.10.30:510][  0]LogConfig: Setting CVar [[r.Tonemapper.GrainQuantization:1]]
[2022.02.16-03.10.30:510][  0]LogConfig: Setting CVar [[r.LightShaftQuality:1]]
[2022.02.16-03.10.30:510][  0]LogConfig: Setting CVar [[r.Filter.SizeScale:1]]
[2022.02.16-03.10.30:510][  0]LogConfig: Setting CVar [[r.Tonemapper.Quality:5]]
[2022.02.16-03.10.30:510][  0]LogConfig: Setting CVar [[r.DOF.Gather.AccumulatorQuality:1        ; higher gathering accumulator quality]]
[2022.02.16-03.10.30:510][  0]LogConfig: Setting CVar [[r.DOF.Gather.PostfilterMethod:1          ; Median3x3 postfilering method]]
[2022.02.16-03.10.30:510][  0]LogConfig: Setting CVar [[r.DOF.Gather.EnableBokehSettings:0       ; no bokeh simulation when gathering]]
[2022.02.16-03.10.30:510][  0]LogConfig: Setting CVar [[r.DOF.Gather.RingCount:4                 ; medium number of samples when gathering]]
[2022.02.16-03.10.30:510][  0]LogConfig: Setting CVar [[r.DOF.Scatter.ForegroundCompositing:1    ; additive foreground scattering]]
[2022.02.16-03.10.30:510][  0]LogConfig: Setting CVar [[r.DOF.Scatter.BackgroundCompositing:2    ; additive background scattering]]
[2022.02.16-03.10.30:510][  0]LogConfig: Setting CVar [[r.DOF.Scatter.EnableBokehSettings:1      ; bokeh simulation when scattering]]
[2022.02.16-03.10.30:510][  0]LogConfig: Setting CVar [[r.DOF.Scatter.MaxSpriteRatio:0.1         ; only a maximum of 10% of scattered bokeh]]
[2022.02.16-03.10.30:510][  0]LogConfig: Setting CVar [[r.DOF.Recombine.Quality:1                ; cheap slight out of focus]]
[2022.02.16-03.10.30:510][  0]LogConfig: Setting CVar [[r.DOF.Recombine.EnableBokehSettings:0    ; no bokeh simulation on slight out of focus]]
[2022.02.16-03.10.30:510][  0]LogConfig: Setting CVar [[r.DOF.TemporalAAQuality:1                ; more stable temporal accumulation]]
[2022.02.16-03.10.30:510][  0]LogConfig: Setting CVar [[r.DOF.Kernel.MaxForegroundRadius:0.025]]
[2022.02.16-03.10.30:510][  0]LogConfig: Setting CVar [[r.DOF.Kernel.MaxBackgroundRadius:0.025]]
[2022.02.16-03.10.30:510][  0]LogConfig: Applying CVar settings from Section [TextureQuality@3] File [C:/Users/linus/Documents/GitHub/Workshop/Saved/Config/Windows/Scalability.ini]
[2022.02.16-03.10.30:510][  0]LogConfig: Setting CVar [[r.Streaming.MipBias:0]]
[2022.02.16-03.10.30:510][  0]LogConfig: Setting CVar [[r.Streaming.AmortizeCPUToGPUCopy:0]]
[2022.02.16-03.10.30:510][  0]LogConfig: Setting CVar [[r.Streaming.MaxNumTexturesToStreamPerFrame:0]]
[2022.02.16-03.10.30:510][  0]LogConfig: Setting CVar [[r.Streaming.Boost:1]]
[2022.02.16-03.10.30:510][  0]LogConfig: Setting CVar [[r.MaxAnisotropy:8]]
[2022.02.16-03.10.30:510][  0]LogConfig: Setting CVar [[r.VT.MaxAnisotropy:8]]
[2022.02.16-03.10.30:510][  0]LogConfig: Setting CVar [[r.Streaming.LimitPoolSizeToVRAM:0]]
[2022.02.16-03.10.30:510][  0]LogConfig: Setting CVar [[r.Streaming.PoolSize:1000]]
[2022.02.16-03.10.30:510][  0]LogConfig: Setting CVar [[r.Streaming.MaxEffectiveScreenSize:0]]
[2022.02.16-03.10.30:510][  0]LogConfig: Applying CVar settings from Section [EffectsQuality@3] File [C:/Users/linus/Documents/GitHub/Workshop/Saved/Config/Windows/Scalability.ini]
[2022.02.16-03.10.30:510][  0]LogConfig: Setting CVar [[r.TranslucencyLightingVolumeDim:64]]
[2022.02.16-03.10.30:510][  0]LogConfig: Setting CVar [[r.RefractionQuality:2]]
[2022.02.16-03.10.30:510][  0]LogConfig: Setting CVar [[r.SSR.Quality:3]]
[2022.02.16-03.10.30:510][  0]LogConfig: Setting CVar [[r.SSR.HalfResSceneColor:0]]
[2022.02.16-03.10.30:510][  0]LogConfig: Setting CVar [[r.SceneColorFormat:4]]
[2022.02.16-03.10.30:510][  0]LogConfig: Setting CVar [[r.DetailMode:2]]
[2022.02.16-03.10.30:510][  0]LogConfig: Setting CVar [[r.TranslucencyVolumeBlur:1]]
[2022.02.16-03.10.30:510][  0]LogConfig: Setting CVar [[r.MaterialQualityLevel:1 ; High quality]]
[2022.02.16-03.10.30:510][  0]LogConfig: Setting CVar [[r.AnisotropicMaterials:1]]
[2022.02.16-03.10.30:510][  0]LogConfig: Setting CVar [[r.SSS.Scale:1]]
[2022.02.16-03.10.30:510][  0]LogConfig: Setting CVar [[r.SSS.SampleSet:2]]
[2022.02.16-03.10.30:510][  0]LogConfig: Setting CVar [[r.SSS.Quality:1]]
[2022.02.16-03.10.30:510][  0]LogConfig: Setting CVar [[r.SSS.HalfRes:0]]
[2022.02.16-03.10.30:510][  0]LogConfig: Setting CVar [[r.SSGI.Quality:3]]
[2022.02.16-03.10.30:510][  0]LogConfig: Setting CVar [[r.EmitterSpawnRateScale:1.0]]
[2022.02.16-03.10.30:510][  0]LogConfig: Setting CVar [[r.ParticleLightQuality:2]]
[2022.02.16-03.10.30:510][  0]LogConfig: Setting CVar [[r.SkyAtmosphere.AerialPerspectiveLUT.FastApplyOnOpaque:1 ; Always have FastSkyLUT 1 in this case to avoid wrong sky]]
[2022.02.16-03.10.30:510][  0]LogConfig: Setting CVar [[r.SkyAtmosphere.AerialPerspectiveLUT.SampleCountMaxPerSlice:4]]
[2022.02.16-03.10.30:510][  0]LogConfig: Setting CVar [[r.SkyAtmosphere.AerialPerspectiveLUT.DepthResolution:16.0]]
[2022.02.16-03.10.30:510][  0]LogConfig: Setting CVar [[r.SkyAtmosphere.FastSkyLUT:1]]
[2022.02.16-03.10.30:510][  0]LogConfig: Setting CVar [[r.SkyAtmosphere.FastSkyLUT.SampleCountMin:4.0]]
[2022.02.16-03.10.30:510][  0]LogConfig: Setting CVar [[r.SkyAtmosphere.FastSkyLUT.SampleCountMax:128.0]]
[2022.02.16-03.10.30:510][  0]LogConfig: Setting CVar [[r.SkyAtmosphere.SampleCountMin:4.0]]
[2022.02.16-03.10.30:510][  0]LogConfig: Setting CVar [[r.SkyAtmosphere.SampleCountMax:128.0]]
[2022.02.16-03.10.30:510][  0]LogConfig: Setting CVar [[r.SkyAtmosphere.TransmittanceLUT.UseSmallFormat:0]]
[2022.02.16-03.10.30:511][  0]LogConfig: Setting CVar [[r.SkyAtmosphere.TransmittanceLUT.SampleCount:10.0]]
[2022.02.16-03.10.30:511][  0]LogConfig: Setting CVar [[r.SkyAtmosphere.MultiScatteringLUT.SampleCount:15.0]]
[2022.02.16-03.10.30:511][  0]LogConfig: Setting CVar [[r.SkyLight.RealTimeReflectionCapture:1]]
[2022.02.16-03.10.30:511][  0]LogConfig: Applying CVar settings from Section [FoliageQuality@3] File [C:/Users/linus/Documents/GitHub/Workshop/Saved/Config/Windows/Scalability.ini]
[2022.02.16-03.10.30:511][  0]LogConfig: Setting CVar [[foliage.DensityScale:1.0]]
[2022.02.16-03.10.30:511][  0]LogConfig: Setting CVar [[grass.DensityScale:1.0]]
[2022.02.16-03.10.30:511][  0]LogConfig: Applying CVar settings from Section [ShadingQuality@3] File [C:/Users/linus/Documents/GitHub/Workshop/Saved/Config/Windows/Scalability.ini]
[2022.02.16-03.10.30:511][  0]LogConfig: Setting CVar [[r.HairStrands.SkyLighting.IntegrationType:2]]
[2022.02.16-03.10.30:511][  0]LogConfig: Setting CVar [[r.HairStrands.SkyAO.SampleCount:4]]
[2022.02.16-03.10.30:511][  0]LogConfig: Setting CVar [[r.HairStrands.Visibility.MSAA.SamplePerPixel:4]]
[2022.02.16-03.10.30:511][  0]LogInit: Selected Device Profile: [Windows]
[2022.02.16-03.10.30:511][  0]LogInit: Applying CVar settings loaded from the selected device profile: [Windows]
[2022.02.16-03.10.30:511][  0]LogHAL: Display: Platform has ~ 64 GB [68611698688 / 68719476736 / 64], which maps to Largest [LargestMinGB=32, LargerMinGB=12, DefaultMinGB=8, SmallerMinGB=6, SmallestMinGB=0)
[2022.02.16-03.10.30:511][  0]LogInit: Going up to parent DeviceProfile []
[2022.02.16-03.10.30:511][  0]LogConfig: Applying CVar settings from Section [ViewDistanceQuality@3] File [C:/Users/linus/Documents/GitHub/Workshop/Saved/Config/Windows/Scalability.ini]
[2022.02.16-03.10.30:511][  0]LogConfig: Setting CVar [[r.SkeletalMeshLODBias:0]]
[2022.02.16-03.10.30:511][  0]LogConfig: Setting CVar [[r.ViewDistanceScale:1.0]]
[2022.02.16-03.10.30:511][  0]LogConfig: Applying CVar settings from Section [AntiAliasingQuality@3] File [C:/Users/linus/Documents/GitHub/Workshop/Saved/Config/Windows/Scalability.ini]
[2022.02.16-03.10.30:511][  0]LogConfig: Setting CVar [[r.PostProcessAAQuality:4]]
[2022.02.16-03.10.30:511][  0]LogConfig: Applying CVar settings from Section [ShadowQuality@3] File [C:/Users/linus/Documents/GitHub/Workshop/Saved/Config/Windows/Scalability.ini]
[2022.02.16-03.10.30:511][  0]LogConfig: Setting CVar [[r.LightFunctionQuality:1]]
[2022.02.16-03.10.30:511][  0]LogConfig: Setting CVar [[r.ShadowQuality:5]]
[2022.02.16-03.10.30:511][  0]LogConfig: Setting CVar [[r.Shadow.CSM.MaxCascades:10]]
[2022.02.16-03.10.30:511][  0]LogConfig: Setting CVar [[r.Shadow.MaxResolution:2048]]
[2022.02.16-03.10.30:511][  0]LogConfig: Setting CVar [[r.Shadow.MaxCSMResolution:2048]]
[2022.02.16-03.10.30:511][  0]LogConfig: Setting CVar [[r.Shadow.RadiusThreshold:0.01]]
[2022.02.16-03.10.30:511][  0]LogConfig: Setting CVar [[r.Shadow.DistanceScale:1.0]]
[2022.02.16-03.10.30:511][  0]LogConfig: Setting CVar [[r.Shadow.CSM.TransitionScale:1.0]]
[2022.02.16-03.10.30:511][  0]LogConfig: Setting CVar [[r.Shadow.PreShadowResolutionFactor:1.0]]
[2022.02.16-03.10.30:511][  0]LogConfig: Setting CVar [[r.DistanceFieldShadowing:1]]
[2022.02.16-03.10.30:511][  0]LogConfig: Setting CVar [[r.DistanceFieldAO:1]]
[2022.02.16-03.10.30:511][  0]LogConfig: Setting CVar [[r.AOQuality:2]]
[2022.02.16-03.10.30:511][  0]LogConfig: Setting CVar [[r.VolumetricFog:1]]
[2022.02.16-03.10.30:511][  0]LogConfig: Setting CVar [[r.VolumetricFog.GridPixelSize:8]]
[2022.02.16-03.10.30:511][  0]LogConfig: Setting CVar [[r.VolumetricFog.GridSizeZ:128]]
[2022.02.16-03.10.30:511][  0]LogConfig: Setting CVar [[r.VolumetricFog.HistoryMissSupersampleCount:4]]
[2022.02.16-03.10.30:511][  0]LogConfig: Setting CVar [[r.LightMaxDrawDistanceScale:1]]
[2022.02.16-03.10.30:511][  0]LogConfig: Setting CVar [[r.CapsuleShadows:1]]
[2022.02.16-03.10.30:511][  0]LogConfig: Applying CVar settings from Section [PostProcessQuality@3] File [C:/Users/linus/Documents/GitHub/Workshop/Saved/Config/Windows/Scalability.ini]
[2022.02.16-03.10.30:511][  0]LogConfig: Setting CVar [[r.MotionBlurQuality:4]]
[2022.02.16-03.10.30:511][  0]LogConfig: Setting CVar [[r.AmbientOcclusionMipLevelFactor:0.4]]
[2022.02.16-03.10.30:511][  0]LogConfig: Setting CVar [[r.AmbientOcclusionMaxQuality:100]]
[2022.02.16-03.10.30:511][  0]LogConfig: Setting CVar [[r.AmbientOcclusionLevels:-1]]
[2022.02.16-03.10.30:511][  0]LogConfig: Setting CVar [[r.AmbientOcclusionRadiusScale:1.0]]
[2022.02.16-03.10.30:511][  0]LogConfig: Setting CVar [[r.DepthOfFieldQuality:2]]
[2022.02.16-03.10.30:511][  0]LogConfig: Setting CVar [[r.RenderTargetPoolMin:400]]
[2022.02.16-03.10.30:511][  0]LogConfig: Setting CVar [[r.LensFlareQuality:2]]
[2022.02.16-03.10.30:511][  0]LogConfig: Setting CVar [[r.SceneColorFringeQuality:1]]
[2022.02.16-03.10.30:511][  0]LogConfig: Setting CVar [[r.EyeAdaptationQuality:2]]
[2022.02.16-03.10.30:511][  0]LogConfig: Setting CVar [[r.BloomQuality:5]]
[2022.02.16-03.10.30:511][  0]LogConfig: Setting CVar [[r.FastBlurThreshold:100]]
[2022.02.16-03.10.30:511][  0]LogConfig: Setting CVar [[r.Upscale.Quality:3]]
[2022.02.16-03.10.30:511][  0]LogConfig: Setting CVar [[r.Tonemapper.GrainQuantization:1]]
[2022.02.16-03.10.30:511][  0]LogConfig: Setting CVar [[r.LightShaftQuality:1]]
[2022.02.16-03.10.30:511][  0]LogConfig: Setting CVar [[r.Filter.SizeScale:1]]
[2022.02.16-03.10.30:511][  0]LogConfig: Setting CVar [[r.Tonemapper.Quality:5]]
[2022.02.16-03.10.30:511][  0]LogConfig: Setting CVar [[r.DOF.Gather.AccumulatorQuality:1        ; higher gathering accumulator quality]]
[2022.02.16-03.10.30:511][  0]LogConfig: Setting CVar [[r.DOF.Gather.PostfilterMethod:1          ; Median3x3 postfilering method]]
[2022.02.16-03.10.30:511][  0]LogConfig: Setting CVar [[r.DOF.Gather.EnableBokehSettings:0       ; no bokeh simulation when gathering]]
[2022.02.16-03.10.30:511][  0]LogConfig: Setting CVar [[r.DOF.Gather.RingCount:4                 ; medium number of samples when gathering]]
[2022.02.16-03.10.30:511][  0]LogConfig: Setting CVar [[r.DOF.Scatter.ForegroundCompositing:1    ; additive foreground scattering]]
[2022.02.16-03.10.30:511][  0]LogConfig: Setting CVar [[r.DOF.Scatter.BackgroundCompositing:2    ; additive background scattering]]
[2022.02.16-03.10.30:511][  0]LogConfig: Setting CVar [[r.DOF.Scatter.EnableBokehSettings:1      ; bokeh simulation when scattering]]
[2022.02.16-03.10.30:511][  0]LogConfig: Setting CVar [[r.DOF.Scatter.MaxSpriteRatio:0.1         ; only a maximum of 10% of scattered bokeh]]
[2022.02.16-03.10.30:511][  0]LogConfig: Setting CVar [[r.DOF.Recombine.Quality:1                ; cheap slight out of focus]]
[2022.02.16-03.10.30:511][  0]LogConfig: Setting CVar [[r.DOF.Recombine.EnableBokehSettings:0    ; no bokeh simulation on slight out of focus]]
[2022.02.16-03.10.30:511][  0]LogConfig: Setting CVar [[r.DOF.TemporalAAQuality:1                ; more stable temporal accumulation]]
[2022.02.16-03.10.30:511][  0]LogConfig: Setting CVar [[r.DOF.Kernel.MaxForegroundRadius:0.025]]
[2022.02.16-03.10.30:511][  0]LogConfig: Setting CVar [[r.DOF.Kernel.MaxBackgroundRadius:0.025]]
[2022.02.16-03.10.30:511][  0]LogConfig: Applying CVar settings from Section [TextureQuality@3] File [C:/Users/linus/Documents/GitHub/Workshop/Saved/Config/Windows/Scalability.ini]
[2022.02.16-03.10.30:511][  0]LogConfig: Setting CVar [[r.Streaming.MipBias:0]]
[2022.02.16-03.10.30:511][  0]LogConfig: Setting CVar [[r.Streaming.AmortizeCPUToGPUCopy:0]]
[2022.02.16-03.10.30:511][  0]LogConfig: Setting CVar [[r.Streaming.MaxNumTexturesToStreamPerFrame:0]]
[2022.02.16-03.10.30:511][  0]LogConfig: Setting CVar [[r.Streaming.Boost:1]]
[2022.02.16-03.10.30:511][  0]LogConfig: Setting CVar [[r.MaxAnisotropy:8]]
[2022.02.16-03.10.30:512][  0]LogConfig: Setting CVar [[r.VT.MaxAnisotropy:8]]
[2022.02.16-03.10.30:512][  0]LogConfig: Setting CVar [[r.Streaming.LimitPoolSizeToVRAM:0]]
[2022.02.16-03.10.30:512][  0]LogConfig: Setting CVar [[r.Streaming.PoolSize:1000]]
[2022.02.16-03.10.30:512][  0]LogConfig: Setting CVar [[r.Streaming.MaxEffectiveScreenSize:0]]
[2022.02.16-03.10.30:512][  0]LogConfig: Applying CVar settings from Section [EffectsQuality@3] File [C:/Users/linus/Documents/GitHub/Workshop/Saved/Config/Windows/Scalability.ini]
[2022.02.16-03.10.30:512][  0]LogConfig: Setting CVar [[r.TranslucencyLightingVolumeDim:64]]
[2022.02.16-03.10.30:512][  0]LogConfig: Setting CVar [[r.RefractionQuality:2]]
[2022.02.16-03.10.30:512][  0]LogConfig: Setting CVar [[r.SSR.Quality:3]]
[2022.02.16-03.10.30:512][  0]LogConfig: Setting CVar [[r.SSR.HalfResSceneColor:0]]
[2022.02.16-03.10.30:512][  0]LogConfig: Setting CVar [[r.SceneColorFormat:4]]
[2022.02.16-03.10.30:512][  0]LogConfig: Setting CVar [[r.DetailMode:2]]
[2022.02.16-03.10.30:512][  0]LogConfig: Setting CVar [[r.TranslucencyVolumeBlur:1]]
[2022.02.16-03.10.30:512][  0]LogConfig: Setting CVar [[r.MaterialQualityLevel:1 ; High quality]]
[2022.02.16-03.10.30:512][  0]LogConfig: Setting CVar [[r.AnisotropicMaterials:1]]
[2022.02.16-03.10.30:512][  0]LogConfig: Setting CVar [[r.SSS.Scale:1]]
[2022.02.16-03.10.30:512][  0]LogConfig: Setting CVar [[r.SSS.SampleSet:2]]
[2022.02.16-03.10.30:512][  0]LogConfig: Setting CVar [[r.SSS.Quality:1]]
[2022.02.16-03.10.30:512][  0]LogConfig: Setting CVar [[r.SSS.HalfRes:0]]
[2022.02.16-03.10.30:512][  0]LogConfig: Setting CVar [[r.SSGI.Quality:3]]
[2022.02.16-03.10.30:512][  0]LogConfig: Setting CVar [[r.EmitterSpawnRateScale:1.0]]
[2022.02.16-03.10.30:512][  0]LogConfig: Setting CVar [[r.ParticleLightQuality:2]]
[2022.02.16-03.10.30:512][  0]LogConfig: Setting CVar [[r.SkyAtmosphere.AerialPerspectiveLUT.FastApplyOnOpaque:1 ; Always have FastSkyLUT 1 in this case to avoid wrong sky]]
[2022.02.16-03.10.30:512][  0]LogConfig: Setting CVar [[r.SkyAtmosphere.AerialPerspectiveLUT.SampleCountMaxPerSlice:4]]
[2022.02.16-03.10.30:512][  0]LogConfig: Setting CVar [[r.SkyAtmosphere.AerialPerspectiveLUT.DepthResolution:16.0]]
[2022.02.16-03.10.30:512][  0]LogConfig: Setting CVar [[r.SkyAtmosphere.FastSkyLUT:1]]
[2022.02.16-03.10.30:512][  0]LogConfig: Setting CVar [[r.SkyAtmosphere.FastSkyLUT.SampleCountMin:4.0]]
[2022.02.16-03.10.30:512][  0]LogConfig: Setting CVar [[r.SkyAtmosphere.FastSkyLUT.SampleCountMax:128.0]]
[2022.02.16-03.10.30:512][  0]LogConfig: Setting CVar [[r.SkyAtmosphere.SampleCountMin:4.0]]
[2022.02.16-03.10.30:512][  0]LogConfig: Setting CVar [[r.SkyAtmosphere.SampleCountMax:128.0]]
[2022.02.16-03.10.30:512][  0]LogConfig: Setting CVar [[r.SkyAtmosphere.TransmittanceLUT.UseSmallFormat:0]]
[2022.02.16-03.10.30:512][  0]LogConfig: Setting CVar [[r.SkyAtmosphere.TransmittanceLUT.SampleCount:10.0]]
[2022.02.16-03.10.30:512][  0]LogConfig: Setting CVar [[r.SkyAtmosphere.MultiScatteringLUT.SampleCount:15.0]]
[2022.02.16-03.10.30:512][  0]LogConfig: Setting CVar [[r.SkyLight.RealTimeReflectionCapture:1]]
[2022.02.16-03.10.30:512][  0]LogConfig: Applying CVar settings from Section [FoliageQuality@3] File [C:/Users/linus/Documents/GitHub/Workshop/Saved/Config/Windows/Scalability.ini]
[2022.02.16-03.10.30:512][  0]LogConfig: Setting CVar [[foliage.DensityScale:1.0]]
[2022.02.16-03.10.30:512][  0]LogConfig: Setting CVar [[grass.DensityScale:1.0]]
[2022.02.16-03.10.30:512][  0]LogConfig: Applying CVar settings from Section [ShadingQuality@3] File [C:/Users/linus/Documents/GitHub/Workshop/Saved/Config/Windows/Scalability.ini]
[2022.02.16-03.10.30:512][  0]LogConfig: Setting CVar [[r.HairStrands.SkyLighting.IntegrationType:2]]
[2022.02.16-03.10.30:512][  0]LogConfig: Setting CVar [[r.HairStrands.SkyAO.SampleCount:4]]
[2022.02.16-03.10.30:512][  0]LogConfig: Setting CVar [[r.HairStrands.Visibility.MSAA.SamplePerPixel:4]]
[2022.02.16-03.10.30:512][  0]LogConfig: Applying CVar settings from Section [Startup] File [../../../Engine/Config/ConsoleVariables.ini]
[2022.02.16-03.10.30:512][  0]LogConfig: Setting CVar [[net.UseAdaptiveNetUpdateFrequency:0]]
[2022.02.16-03.10.30:512][  0]LogConfig: Setting CVar [[p.chaos.AllowCreatePhysxBodies:1]]
[2022.02.16-03.10.30:512][  0]LogConfig: Setting CVar [[fx.SkipVectorVMBackendOptimizations:1]]
[2022.02.16-03.10.30:512][  0]LogConfig: Applying CVar settings from Section [ConsoleVariables] File [C:/Users/linus/Documents/GitHub/Workshop/Saved/Config/Windows/Engine.ini]
[2022.02.16-03.10.30:512][  0]LogConfig: Applying CVar settings from Section [ConsoleVariables] File [C:/Users/linus/Documents/GitHub/Workshop/Saved/Config/Windows/Editor.ini]
[2022.02.16-03.10.30:512][  0]LogInit: Computer: DESKTOP-RN54L8S
[2022.02.16-03.10.30:512][  0]LogInit: User: linus
[2022.02.16-03.10.30:512][  0]LogInit: CPU Page size=4096, Cores=4
[2022.02.16-03.10.30:512][  0]LogInit: High frequency timer resolution =10.000000 MHz
[2022.02.16-03.10.30:512][  0]LogMemory: Memory total: Physical=63.9GB (64GB approx)
[2022.02.16-03.10.30:512][  0]LogMemory: Platform Memory Stats for Windows
[2022.02.16-03.10.30:512][  0]LogMemory: Process Physical Memory: 136.57 MB used, 136.57 MB peak
[2022.02.16-03.10.30:512][  0]LogMemory: Process Virtual Memory: 124.20 MB used, 124.20 MB peak
[2022.02.16-03.10.30:512][  0]LogMemory: Physical Memory: 9189.13 MB used,  56244.09 MB free, 65433.21 MB total
[2022.02.16-03.10.30:512][  0]LogMemory: Virtual Memory: 134154368.00 MB used,  63356.57 MB free, 134217728.00 MB total
[2022.02.16-03.10.30:517][  0]LogWindows: WindowsPlatformFeatures enabled
[2022.02.16-03.10.30:568][  0]LogInit: Physics initialised using underlying interface: PhysX
[2022.02.16-03.10.30:569][  0]LogInit: Using OS detected language (en-GB).
[2022.02.16-03.10.30:569][  0]LogInit: Using OS detected locale (en-US).
[2022.02.16-03.10.30:572][  0]LogTextLocalizationManager: No specific localization for 'en-GB' exists, so the 'en' localization will be used.
[2022.02.16-03.10.30:781][  0]LogInit: Setting process to per monitor DPI aware
[2022.02.16-03.10.30:789][  0]LogWindowsTextInputMethodSystem: Display: IME system deactivated.
[2022.02.16-03.10.30:799][  0]LogSlate: New Slate User Created.  User Index 0, Is Virtual User: 0
[2022.02.16-03.10.30:799][  0]LogSlate: Slate User Registered.  User Index 0, Is Virtual User: 0
[2022.02.16-03.10.30:934][  0]LogD3D11RHI: Loaded GFSDK_Aftermath_Lib.x64.dll
[2022.02.16-03.10.30:936][  0]LogD3D11RHI: D3D11 min allowed feature level: 11_0
[2022.02.16-03.10.30:936][  0]LogD3D11RHI: D3D11 max allowed feature level: 11_0
[2022.02.16-03.10.30:936][  0]LogD3D11RHI: D3D11 adapters:
[2022.02.16-03.10.31:040][  0]LogD3D11RHI:    0. 'Radeon Pro 575' (Feature Level 11_0)
[2022.02.16-03.10.31:040][  0]LogD3D11RHI:       4041/0/32716 MB DedicatedVideo/DedicatedSystem/SharedSystem, Outputs:1, VendorId:0x1002
[2022.02.16-03.10.31:042][  0]LogD3D11RHI:    1. 'Microsoft Basic Render Driver' (Feature Level 11_0)
[2022.02.16-03.10.31:042][  0]LogD3D11RHI:       0/0/32716 MB DedicatedVideo/DedicatedSystem/SharedSystem, Outputs:0, VendorId:0x1414
[2022.02.16-03.10.31:042][  0]LogD3D11RHI: Chosen D3D11 Adapter:
[2022.02.16-03.10.31:042][  0]LogD3D11RHI:     Description : Radeon Pro 575
[2022.02.16-03.10.31:042][  0]LogD3D11RHI:     VendorId    : 1002
[2022.02.16-03.10.31:042][  0]LogD3D11RHI:     DeviceId    : 67df
[2022.02.16-03.10.31:042][  0]LogD3D11RHI:     SubSysId    : 162106b
[2022.02.16-03.10.31:042][  0]LogD3D11RHI:     Revision    : 00c4
[2022.02.16-03.10.31:042][  0]LogD3D11RHI:     DedicatedVideoMemory : 4237361152 bytes
[2022.02.16-03.10.31:042][  0]LogD3D11RHI:     DedicatedSystemMemory : 0 bytes
[2022.02.16-03.10.31:042][  0]LogD3D11RHI:     SharedSystemMemory : 34305849344 bytes
[2022.02.16-03.10.31:042][  0]LogD3D11RHI:     AdapterLuid : 0 49275
[2022.02.16-03.10.31:047][  0]LogD3D11RHI: Creating new Direct3DDevice
[2022.02.16-03.10.31:047][  0]LogD3D11RHI:     GPU DeviceId: 0x67df (for the marketing name, search the web for "GPU Device Id")
[2022.02.16-03.10.31:047][  0]LogWindows: EnumDisplayDevices:
[2022.02.16-03.10.31:047][  0]LogWindows:    0. 'Radeon Pro 575' (P:1 D:1)
[2022.02.16-03.10.31:048][  0]LogWindows:    1. 'Radeon Pro 575' (P:0 D:0)
[2022.02.16-03.10.31:048][  0]LogWindows:    2. 'Radeon Pro 575' (P:0 D:0)
[2022.02.16-03.10.31:049][  0]LogWindows:    3. 'Radeon Pro 575' (P:0 D:0)
[2022.02.16-03.10.31:049][  0]LogWindows:    4. 'Radeon Pro 575' (P:0 D:0)
[2022.02.16-03.10.31:049][  0]LogWindows:    5. 'Radeon Pro 575' (P:0 D:0)
[2022.02.16-03.10.31:050][  0]LogWindows:    6. 'Radeon Pro 575' (P:0 D:0)
[2022.02.16-03.10.31:050][  0]LogWindows:    7. 'Radeon Pro 575' (P:0 D:0)
[2022.02.16-03.10.31:050][  0]LogWindows: DebugString: FoundDriverCount:8 
[2022.02.16-03.10.31:050][  0]LogD3D11RHI:     Adapter Name: Radeon Pro 575
[2022.02.16-03.10.31:050][  0]LogD3D11RHI:   Driver Version: Adrenalin 19.30.01.53 (internal:26.20.13001.53002, unified:26.20.13001.53002)
[2022.02.16-03.10.31:050][  0]LogD3D11RHI:      Driver Date: 1-8-2020
[2022.02.16-03.10.31:050][  0]LogRHI: Texture pool is 2404 MB (70% of 3434 MB)
[2022.02.16-03.10.31:059][  0]LogD3D11RHI: Creating D3DDevice with AMD AGS, using adapter:
[2022.02.16-03.10.31:059][  0]LogD3D11RHI:     Description : Radeon Pro 575
[2022.02.16-03.10.31:059][  0]LogD3D11RHI:     VendorId    : 1002
[2022.02.16-03.10.31:059][  0]LogD3D11RHI:     DeviceId    : 67df
[2022.02.16-03.10.31:059][  0]LogD3D11RHI:     SubSysId    : 162106b
[2022.02.16-03.10.31:059][  0]LogD3D11RHI:     Revision    : 00c4
[2022.02.16-03.10.31:059][  0]LogD3D11RHI:     DedicatedVideoMemory : 4237361152 bytes
[2022.02.16-03.10.31:059][  0]LogD3D11RHI:     DedicatedSystemMemory : 0 bytes
[2022.02.16-03.10.31:059][  0]LogD3D11RHI:     SharedSystemMemory : 34305849344 bytes
[2022.02.16-03.10.31:059][  0]LogD3D11RHI:     AdapterLuid : 0 49275
[2022.02.16-03.10.31:161][  0]LogD3D11RHI: Created device via AGS, feature level 11_0, supported extensions ffffbf.
[2022.02.16-03.10.31:161][  0]LogD3D11RHI: RHI does not have support for 64 bit atomics
[2022.02.16-03.10.31:161][  0]LogD3D11RHI: Async texture creation enabled
[2022.02.16-03.10.31:161][  0]LogD3D11RHI: Array index from any shader is supported
[2022.02.16-03.10.31:174][  0]LogD3D11RHI: GPU Timing Frequency: 25.000000 (Debug: 2 1)
[2022.02.16-03.10.31:449][  0]LogTargetPlatformManager: Display: Loaded TargetPlatform 'AllDesktop'
[2022.02.16-03.10.31:470][  0]LogTargetPlatformManager: Display: Loaded TargetPlatform 'Android'
[2022.02.16-03.10.31:470][  0]LogTargetPlatformManager: Display: Loaded TargetPlatform 'Android_ASTC'
[2022.02.16-03.10.31:470][  0]LogTargetPlatformManager: Display: Loaded TargetPlatform 'Android_DXT'
[2022.02.16-03.10.31:470][  0]LogTargetPlatformManager: Display: Loaded TargetPlatform 'Android_ETC2'
[2022.02.16-03.10.31:470][  0]LogTargetPlatformManager: Display: Loaded TargetPlatform 'AndroidClient'
[2022.02.16-03.10.31:470][  0]LogTargetPlatformManager: Display: Loaded TargetPlatform 'Android_ASTCClient'
[2022.02.16-03.10.31:470][  0]LogTargetPlatformManager: Display: Loaded TargetPlatform 'Android_DXTClient'
[2022.02.16-03.10.31:470][  0]LogTargetPlatformManager: Display: Loaded TargetPlatform 'Android_ETC2Client'
[2022.02.16-03.10.31:470][  0]LogTargetPlatformManager: Display: Loaded TargetPlatform 'Android_Multi'
[2022.02.16-03.10.31:470][  0]LogTargetPlatformManager: Display: Loaded TargetPlatform 'Android_MultiClient'
[2022.02.16-03.10.31:486][  0]LogTargetPlatformManager: Display: Loaded TargetPlatform 'IOSClient'
[2022.02.16-03.10.31:487][  0]LogTargetPlatformManager: Display: Loaded TargetPlatform 'IOS'
[2022.02.16-03.10.31:496][  0]LogTargetPlatformManager: Display: Loaded TargetPlatform 'Linux'
[2022.02.16-03.10.31:501][  0]LogTargetPlatformManager: Display: Loaded TargetPlatform 'LinuxNoEditor'
[2022.02.16-03.10.31:505][  0]LogTargetPlatformManager: Display: Loaded TargetPlatform 'LinuxClient'
[2022.02.16-03.10.31:509][  0]LogTargetPlatformManager: Display: Loaded TargetPlatform 'LinuxServer'
[2022.02.16-03.10.31:518][  0]LogTargetPlatformManager: Display: Loaded TargetPlatform 'LinuxAArch64NoEditor'
[2022.02.16-03.10.31:522][  0]LogTargetPlatformManager: Display: Loaded TargetPlatform 'LinuxAArch64Client'
[2022.02.16-03.10.31:526][  0]LogTargetPlatformManager: Display: Loaded TargetPlatform 'LinuxAArch64Server'
[2022.02.16-03.10.31:550][  0]LogTargetPlatformManager: Display: Loaded TargetPlatform 'Lumin'
[2022.02.16-03.10.31:550][  0]LogTargetPlatformManager: Display: Loaded TargetPlatform 'LuminClient'
[2022.02.16-03.10.31:558][  0]LogTargetPlatformManager: Display: Loaded TargetPlatform 'MacNoEditor'
[2022.02.16-03.10.31:562][  0]LogTargetPlatformManager: Display: Loaded TargetPlatform 'Mac'
[2022.02.16-03.10.31:567][  0]LogTargetPlatformManager: Display: Loaded TargetPlatform 'MacClient'
[2022.02.16-03.10.31:571][  0]LogTargetPlatformManager: Display: Loaded TargetPlatform 'MacServer'
[2022.02.16-03.10.31:581][  0]LogTargetPlatformManager: Display: Loaded TargetPlatform 'TVOSClient'
[2022.02.16-03.10.31:581][  0]LogTargetPlatformManager: Display: Loaded TargetPlatform 'TVOS'
[2022.02.16-03.10.31:589][  0]LogTargetPlatformManager: Display: Loaded TargetPlatform 'WindowsNoEditor'
[2022.02.16-03.10.31:593][  0]LogTargetPlatformManager: Display: Loaded TargetPlatform 'Windows'
[2022.02.16-03.10.31:597][  0]LogTargetPlatformManager: Display: Loaded TargetPlatform 'WindowsClient'
[2022.02.16-03.10.31:601][  0]LogTargetPlatformManager: Display: Loaded TargetPlatform 'WindowsServer'
[2022.02.16-03.10.31:602][  0]LogTargetPlatformManager: Display: Building Assets For Windows
[2022.02.16-03.10.31:608][  0]LogAudioDebug: Display: Lib vorbis DLL was dynamically loaded.
[2022.02.16-03.10.31:638][  0]LogTextureFormatOodle: Display: Oodle Texture 2.9.0 init RDO Off
[2022.02.16-03.10.31:669][  0]LogRendererCore: Ray tracing is disabled. Reason: r.RayTracing=0.
[2022.02.16-03.10.31:669][  0]LogShaderCompilers: Guid format shader working directory is -9 characters bigger than the processId version (../../../../../../Users/linus/Documents/GitHub/Workshop/Intermediate/Shaders/WorkingDirectory/4424/).
[2022.02.16-03.10.31:669][  0]LogShaderCompilers: Cleaned the shader compiler working directory 'C:/Users/linus/AppData/Local/Temp/UnrealShaderWorkingDir/45793AA64668EB9B1A0FEEBB3CD5522C/'.
[2022.02.16-03.10.31:670][  0]LogXGEController: Cannot use XGE Controller as Incredibuild is not installed on this machine.
[2022.02.16-03.10.31:670][  0]LogShaderCompilers: Cannot use XGE Shader Compiler as Incredibuild is not installed on this machine.
[2022.02.16-03.10.31:670][  0]LogShaderCompilers: Display: Using Local Shader Compiler.
[2022.02.16-03.10.32:442][  0]LogDerivedDataCache: Display: Max Cache Size: 512 MB
[2022.02.16-03.10.32:505][  0]LogDerivedDataCache: Loaded boot cache 0.06s 96MB C:/Users/linus/AppData/Local/UnrealEngine/4.27/DerivedDataCache/Boot.ddc.
[2022.02.16-03.10.32:505][  0]LogDerivedDataCache: Display: Loaded Boot cache: C:/Users/linus/AppData/Local/UnrealEngine/4.27/DerivedDataCache/Boot.ddc
[2022.02.16-03.10.32:505][  0]LogDerivedDataCache: FDerivedDataBackendGraph:  Pak pak cache file ../../../../../../Users/linus/Documents/GitHub/Workshop/DerivedDataCache/DDC.ddp not found, will not use a pak cache.
[2022.02.16-03.10.32:505][  0]LogDerivedDataCache: Unable to find inner node Pak for hierarchical cache Hierarchy.
[2022.02.16-03.10.32:505][  0]LogDerivedDataCache: FDerivedDataBackendGraph:  CompressedPak pak cache file ../../../../../../Users/linus/Documents/GitHub/Workshop/DerivedDataCache/Compressed.ddp not found, will not use a pak cache.
[2022.02.16-03.10.32:505][  0]LogDerivedDataCache: Unable to find inner node CompressedPak for hierarchical cache Hierarchy.
[2022.02.16-03.10.32:522][  0]LogDerivedDataCache: Display: Pak cache opened for reading ../../../Engine/DerivedDataCache/Compressed.ddp.
[2022.02.16-03.10.32:522][  0]LogDerivedDataCache: FDerivedDataBackendGraph:  EnterprisePak pak cache file ../../../Enterprise/DerivedDataCache/Compressed.ddp not found, will not use a pak cache.
[2022.02.16-03.10.32:522][  0]LogDerivedDataCache: Unable to find inner node EnterprisePak for hierarchical cache Hierarchy.
[2022.02.16-03.10.32:560][  0]LogDerivedDataCache: Speed tests for C:/Users/linus/AppData/Local/UnrealEngine/Common/DerivedDataCache took 0.04 seconds
[2022.02.16-03.10.32:560][  0]LogDerivedDataCache: Display: Performance to C:/Users/linus/AppData/Local/UnrealEngine/Common/DerivedDataCache: Latency=0.03ms. RandomReadSpeed=1236.78MBs, RandomWriteSpeed=25.77MBs. Assigned SpeedClass 'Local'
[2022.02.16-03.10.32:562][  0]LogDerivedDataCache: Using Local data cache path C:/Users/linus/AppData/Local/UnrealEngine/Common/DerivedDataCache: Writable
[2022.02.16-03.10.32:562][  0]LogDerivedDataCache: Shared data cache path not found in *engine.ini, will not use an Shared cache.
[2022.02.16-03.10.32:562][  0]LogDerivedDataCache: Unable to find inner node Shared for hierarchical cache Hierarchy.
[2022.02.16-03.10.32:609][  0]LogSlate: Using FreeType 2.10.0
[2022.02.16-03.10.32:610][  0]LogSlate: SlateFontServices - WITH_FREETYPE: 1, WITH_HARFBUZZ: 1
[2022.02.16-03.10.32:632][  0]LogAssetRegistry: FAssetRegistry took 0.0027 seconds to start up
[2022.02.16-03.10.32:867][  0]LogInit: Selected Device Profile: [Windows]
[2022.02.16-03.10.32:867][  0]LogInit: Active device profile: [000001C37AAA4900][000001C379E96AC0 49] Windows
[2022.02.16-03.10.32:867][  0]LogInit: Profiles: [000001C37AAA4900][000001C379E96AC0 49] Windows, [000001C37AA73100][000001C379E9EC40 49] WindowsNoEditor, [000001C37AAA7500][000001C379EA2DC0 49] WindowsServer, [000001C37AA73B00][000001C379EA6F40 49] WindowsClient, [000001C37AAA7800][000001C379EAB0C0 49] IOS, [000001C37AA72100][000001C379EAF240 49] iPadAir, [000001C37AAA6000][000001C379EB33C0 49] iPadAir2, [000001C37AA14A00][000001C379EBB680 49] IPadPro, [000001C37AA14B00][000001C379EB76C0 49] iPadAir3, [000001C37AA71200][000001C379EBF840 49] iPadAir4, [000001C37AA17400][000001C379EC39C0 49] iPadMini2, [000001C37AA72300][000001C379EC7B40 49] iPadMini3, [000001C37AA15700][000001C379ECA140 49] iPadMini4, [000001C37AAA5100][000001C379ECE2C0 49] iPadMini5, [000001C37AA50300][000001C379ED6580 49] iPhone6, [000001C37AA50400][000001C379ED25C0 49] iPodTouch6, [000001C37AA0FF00][000001C379EDE880 49] iPhone7, [000001C37AA0FE00][000001C379EDA8C0 49] iPodTouch7, [000001C37AA71900][000001C379E9AA00 49] iPhone5S, [000001C37AA0DA00][000001C379EE2B40 49] iPhone6Plus, [000001C37AA50200][000001C379EE6C80 49] iPhone6S, [000001C37AA0C600][000001C379EEADC0 49] iPhone6SPlus, [000001C37AA52900][000001C379EF2F40 49] iPhone7Plus, [000001C37AA0F100][000001C379EF70C0 49] iPhoneSE, [000001C37AA52200][000001C379EFB240 49] iPhone8, [000001C37AA0FB00][000001C379EFF3C0 49] iPhone8Plus, [000001C37AA50A00][000001C379F03540 49] iPhoneX, [000001C37AA0D400][000001C379F076C0 49] iPhoneXS, [000001C37AA53900][000001C379F0B840 49] iPhoneXSMax, [000001C37AA0C900][000001C37A54F9C0 49] iPhoneXR, [000001C37AA52F00][000001C37A553B40 49] iPhone11, [000001C37AA0D300][000001C37A556140 49] iPhone11Pro, [000001C37AA51000][000001C37A55A2C0 49] iPhone11ProMax, [000001C37AA0EA00][000001C37A55E440 49] iPhoneSE2, [000001C37AA51400][000001C37A5625C0 49] iPhone12Mini, [000001C37AA0E400][000001C37A566740 49] iPhone12, [000001C37AA50D00][000001C37A56A8C0 49] iPhone12Pro, [000001C37AA0EB00][000001C37A56EA40 49] iPhone12ProMax, [000001C37AA53000][000001C379EEEB80 49] iPadPro105, [000001C37AA0C700][000001C37A572CC0 49] iPadPro129, [000001C37AA52800][000001C37A576E00 49] iPadPro97, [000001C37AA0E600][000001C37A57AF40 49] iPadPro2_129, [000001C37AA53C00][000001C37A5830C0 49] iPad5, [000001C37AA0E200][000001C37A587240 49] iPad6, [000001C37AA50F00][000001C37A58B3C0 49] iPad7, [000001C37AA0ED00][000001C37A58F540 49] iPad8, [000001C37AA51100][000001C37A5936C0 49] iPadPro11, [000001C37AA0D600][000001C37A597840 49] iPadPro2_11, [000001C37AA53400][000001C37A59B9C0 49] iPadPro3_129, [000001C37AA0E800][000001C37A59FB40 49] iPadPro4_129, [000001C37AA53A00][000001C37A5A2140 49] AppleTV, [000001C37AA0E100][000001C37A5A62C0 49] AppleTV4K, [000001C37AA51F00][000001C37A5AA440 49] TVOS, [000001C37AA0F400][000001C37A5AE5C0 49] Mac, [000001C37AA53800][000001C36DBC0740 49] MacClient, [000001C37AA0DE00][000001C36DBC48C0 49] MacNoEditor, [000001C37AA53F00][000001C36DBC8A40 49] MacServer, [000001C37AA0F500][000001C36DBCCBC0 49] Linux, [000001C37AA50C00][000001C36DBD0D40 49] LinuxAArch64, [000001C37AA0EF00][000001C37A57EE80 49] LinuxNoEditor, [000001C37AA50B00][000001C36DBD4FC0 49] LinuxAArch64NoEditor, [000001C37AA0F700][000001C36DBD9100 49] LinuxClient, [000001C37AA51A00][000001C36DBE1280 49] LinuxAArch64Client, [000001C37AA0D000][000001C36DBE5400 49] LinuxServer, [000001C37AA52500][000001C36DBE9580 49] LinuxAArch64Server, [000001C37AA0D900][000001C37A5B3700 49] Android, [000001C37AA51300][000001C37A5B7880 49] Android_Low, [000001C37AA0E700][000001C37A5BBA00 49] Android_Mid, [000001C37AA52B00][000001C37A5BFB80 49] Android_High, [000001C37AA0F800][000001C37A5C2180 49] Android_Default, [000001C37AA51600][000001C37A5C6300 49] Android_Adreno4xx, [000001C37AA0D500][000001C37A5CA480 49] Android_Adreno5xx_Low, [000001C37AA17600][000001C37A5CE600 49] Android_Adreno5xx, [000001C37AA71100][000001C37A5D2780 49] Android_Adreno6xx, [000001C37AA15200][000001C37A5D6900 49] Android_Adreno6xx_Vulkan, [000001C37AA73500][000001C37A5DAA80 49] Android_Mali_T6xx, [000001C37AA15100][000001C37A5DEC00 49] Android_Mali_T7xx, [000001C37AA70F00][000001C37A5E2D80 49] Android_Mali_T8xx, [000001C37AA15E00][000001C37A5E6F00 49] Android_Mali_G71, [000001C37AA70500][000001C36DBDD040 49] Android_Mali_G72, [000001C37AA14800][000001C37A5EB180 49] Android_Mali_G72_Vulkan, [000001C37AA70C00][000001C37A5EF2C0 49] Android_Mali_G76, [000001C37AA14100][000001C37A5F7440 49] Android_Mali_G76_Vulkan, [000001C37AA71800][000001C37A5FB5C0 49] Android_Mali_G77, [000001C37AA15000][000001C37A5FF740 49] Android_Mali_G77_Vulkan, [000001C37AA73F00][000001C37A6038C0 49] Android_Mali_G78, [000001C37AA16C00][000001C37A607A40 49] Android_Mali_G78_Vulkan, [000001C37AA72F00][000001C37A60BBC0 49] Android_Mali_G710, [000001C37AA16A00][000001C37A60E1C0 49] Android_Mali_G710_Vulkan, [000001C37AA73800][000001C37A612340 49] Android_Vulkan_SM5, [000001C37AA17B00][000001C37A6164C0 49] Android_PowerVR_G6xxx, [000001C37AA73400][000001C37A61A640 49] Android_PowerVR_GT7xxx, [000001C37AA17900][000001C37A61E7C0 49] Android_PowerVR_GE8xxx, [000001C37AA73D00][000001C37A622940 49] Android_PowerVR_GM9xxx, [000001C37AA16700][000001C37A626AC0 49] Android_PowerVR_GM9xxx_Vulkan, [000001C37AA72000][000001C37A62AC40 49] Android_TegraK1, [000001C37AA14900][000001C37A62EDC0 49] Android_Unknown_Vulkan, [000001C37AA71600][000001C37A632F40 49] Lumin, [000001C37AA14500][000001C37A6370C0 49] Lumin_Desktop, [000001C37AA72C00][000001C37A5F3200 49] HoloLens, 
[2022.02.16-03.10.32:993][  0]LogMeshReduction: Using QuadricMeshReduction for automatic static mesh reduction
[2022.02.16-03.10.32:993][  0]LogMeshReduction: Using SimplygonMeshReduction for automatic skeletal mesh reduction
[2022.02.16-03.10.32:993][  0]LogMeshReduction: Using ProxyLODMeshReduction for automatic mesh merging
[2022.02.16-03.10.32:993][  0]LogMeshReduction: No distributed automatic mesh merging module available
[2022.02.16-03.10.32:993][  0]LogMeshMerging: No distributed automatic mesh merging module available
[2022.02.16-03.10.33:008][  0]LogNetVersion: Workshop 1.0.0, NetCL: 17155196, EngineNetVer: 17, GameNetVer: 0 (Checksum: 2854229029)
[2022.02.16-03.10.33:402][  0]LogTexture: Default maximum texture size for cubemaps generated from long-lat sources has been changed from 512 to unlimited. In order to preserve old behaiour for '/Engine/MapTemplates/Sky/DaylightAmbientCubemap.DaylightAmbientCubemap', its maximum texture size has been explicitly set to 512.
[2022.02.16-03.10.33:452][  0]LogUObjectArray: 16878 objects as part of root set at end of initial load.
[2022.02.16-03.10.33:452][  0]LogUObjectAllocator: 4218224 out of 0 bytes used by permanent object pool.
[2022.02.16-03.10.33:452][  0]LogUObjectArray: CloseDisregardForGC: 0/0 objects in disregard for GC pool
[2022.02.16-03.10.33:693][  0]LogNiagaraDebuggerClient: Niagara Debugger Client Initialized | Session: 5ED6AC0D41392A26288EC58941C3F186 | Instance: 7D1EF0D649F916D7BF2074805EB0B5EC (DESKTOP-RN54L8S-4424).
[2022.02.16-03.10.33:724][  0]LogPython: Using Python 3.7.7
[2022.02.16-03.10.34:385][  0]LogTcpMessaging: Initializing TcpMessaging bridge
[2022.02.16-03.10.34:388][  0]LogUdpMessaging: Initializing bridge on interface 0.0.0.0:0 to multicast group 230.0.0.1:6666.
[2022.02.16-03.10.34:476][  0]SourceControl: Source control is disabled
[2022.02.16-03.10.34:476][  0]LogWindows: Warning: CreateProc failed: The system cannot find the file specified. (0x00000002)
[2022.02.16-03.10.34:476][  0]LogWindows: Warning: URL: C:/Program Files/Git/bin/git.exe version
[2022.02.16-03.10.34:476][  0]LogWindows: Warning: CreateProc failed: The system cannot find the file specified. (0x00000002)
[2022.02.16-03.10.34:476][  0]LogWindows: Warning: URL: C:/Program Files (x86)/Git/bin/git.exe version
[2022.02.16-03.10.34:476][  0]LogWindows: Warning: CreateProc failed: The system cannot find the file specified. (0x00000002)
[2022.02.16-03.10.34:476][  0]LogWindows: Warning: URL: C:\Users\linus\AppData\Local/Programs/Git/cmd/git.exe version
[2022.02.16-03.10.34:476][  0]LogWindows: Warning: CreateProc failed: The system cannot find the file specified. (0x00000002)
[2022.02.16-03.10.34:476][  0]LogWindows: Warning: URL: C:/Program Files (x86)/SmartGit/git/bin/git.exe version
[2022.02.16-03.10.34:476][  0]LogWindows: Warning: CreateProc failed: The system cannot find the file specified. (0x00000002)
[2022.02.16-03.10.34:476][  0]LogWindows: Warning: URL: C:/Program Files (x86)/SmartGit/bin/git.exe version
[2022.02.16-03.10.34:476][  0]LogWindows: Warning: CreateProc failed: The system cannot find the file specified. (0x00000002)
[2022.02.16-03.10.34:476][  0]LogWindows: Warning: URL: C:\Users\linus\AppData\Local/Atlassian/SourceTree/git_local/bin/git.exe version
[2022.02.16-03.10.34:477][  0]LogWindows: Warning: CreateProc failed: The system cannot find the file specified. (0x00000002)
[2022.02.16-03.10.34:477][  0]LogWindows: Warning: URL: C:/Program Files (x86)/fournova/Tower/vendor/Git/bin/git.exe version
[2022.02.16-03.10.34:479][  0]LogWindows: Warning: CreateProc failed: The system cannot find the file specified. (0x00000002)
[2022.02.16-03.10.34:480][  0]LogWindows: Warning: URL: C:/Program Files/Git/bin/git.exe version
[2022.02.16-03.10.34:480][  0]LogWindows: Warning: CreateProc failed: The system cannot find the file specified. (0x00000002)
[2022.02.16-03.10.34:480][  0]LogWindows: Warning: URL: C:/Program Files (x86)/Git/bin/git.exe version
[2022.02.16-03.10.34:480][  0]LogWindows: Warning: CreateProc failed: The system cannot find the file specified. (0x00000002)
[2022.02.16-03.10.34:480][  0]LogWindows: Warning: URL: C:\Users\linus\AppData\Local/Programs/Git/cmd/git.exe version
[2022.02.16-03.10.34:480][  0]LogWindows: Warning: CreateProc failed: The system cannot find the file specified. (0x00000002)
[2022.02.16-03.10.34:480][  0]LogWindows: Warning: URL: C:/Program Files (x86)/SmartGit/git/bin/git.exe version
[2022.02.16-03.10.34:480][  0]LogWindows: Warning: CreateProc failed: The system cannot find the file specified. (0x00000002)
[2022.02.16-03.10.34:480][  0]LogWindows: Warning: URL: C:/Program Files (x86)/SmartGit/bin/git.exe version
[2022.02.16-03.10.34:480][  0]LogWindows: Warning: CreateProc failed: The system cannot find the file specified. (0x00000002)
[2022.02.16-03.10.34:480][  0]LogWindows: Warning: URL: C:\Users\linus\AppData\Local/Atlassian/SourceTree/git_local/bin/git.exe version
[2022.02.16-03.10.34:481][  0]LogWindows: Warning: CreateProc failed: The system cannot find the file specified. (0x00000002)
[2022.02.16-03.10.34:481][  0]LogWindows: Warning: URL: C:/Program Files (x86)/fournova/Tower/vendor/Git/bin/git.exe version
[2022.02.16-03.10.34:484][  0]LogWindows: Warning: CreateProc failed: The system cannot find the file specified. (0x00000002)
[2022.02.16-03.10.34:484][  0]LogWindows: Warning: URL: C:/Program Files/Git/bin/git.exe version
[2022.02.16-03.10.34:484][  0]LogWindows: Warning: CreateProc failed: The system cannot find the file specified. (0x00000002)
[2022.02.16-03.10.34:484][  0]LogWindows: Warning: URL: C:/Program Files (x86)/Git/bin/git.exe version
[2022.02.16-03.10.34:484][  0]LogWindows: Warning: CreateProc failed: The system cannot find the file specified. (0x00000002)
[2022.02.16-03.10.34:484][  0]LogWindows: Warning: URL: C:\Users\linus\AppData\Local/Programs/Git/cmd/git.exe version
[2022.02.16-03.10.34:484][  0]LogWindows: Warning: CreateProc failed: The system cannot find the file specified. (0x00000002)
[2022.02.16-03.10.34:484][  0]LogWindows: Warning: URL: C:/Program Files (x86)/SmartGit/git/bin/git.exe version
[2022.02.16-03.10.34:484][  0]LogWindows: Warning: CreateProc failed: The system cannot find the file specified. (0x00000002)
[2022.02.16-03.10.34:484][  0]LogWindows: Warning: URL: C:/Program Files (x86)/SmartGit/bin/git.exe version
[2022.02.16-03.10.34:484][  0]LogWindows: Warning: CreateProc failed: The system cannot find the file specified. (0x00000002)
[2022.02.16-03.10.34:484][  0]LogWindows: Warning: URL: C:\Users\linus\AppData\Local/Atlassian/SourceTree/git_local/bin/git.exe version
[2022.02.16-03.10.34:485][  0]LogWindows: Warning: CreateProc failed: The system cannot find the file specified. (0x00000002)
[2022.02.16-03.10.34:485][  0]LogWindows: Warning: URL: C:/Program Files (x86)/fournova/Tower/vendor/Git/bin/git.exe version
[2022.02.16-03.10.34:493][  0]LogWindows: Warning: CreateProc failed: The system cannot find the file specified. (0x00000002)
[2022.02.16-03.10.34:493][  0]LogWindows: Warning: URL: C:/Program Files/Git/bin/git.exe version
[2022.02.16-03.10.34:493][  0]LogWindows: Warning: CreateProc failed: The system cannot find the file specified. (0x00000002)
[2022.02.16-03.10.34:493][  0]LogWindows: Warning: URL: C:/Program Files (x86)/Git/bin/git.exe version
[2022.02.16-03.10.34:493][  0]LogWindows: Warning: CreateProc failed: The system cannot find the file specified. (0x00000002)
[2022.02.16-03.10.34:493][  0]LogWindows: Warning: URL: C:\Users\linus\AppData\Local/Programs/Git/cmd/git.exe version
[2022.02.16-03.10.34:493][  0]LogWindows: Warning: CreateProc failed: The system cannot find the file specified. (0x00000002)
[2022.02.16-03.10.34:493][  0]LogWindows: Warning: URL: C:/Program Files (x86)/SmartGit/git/bin/git.exe version
[2022.02.16-03.10.34:493][  0]LogWindows: Warning: CreateProc failed: The system cannot find the file specified. (0x00000002)
[2022.02.16-03.10.34:493][  0]LogWindows: Warning: URL: C:/Program Files (x86)/SmartGit/bin/git.exe version
[2022.02.16-03.10.34:494][  0]LogWindows: Warning: CreateProc failed: The system cannot find the file specified. (0x00000002)
[2022.02.16-03.10.34:494][  0]LogWindows: Warning: URL: C:\Users\linus\AppData\Local/Atlassian/SourceTree/git_local/bin/git.exe version
[2022.02.16-03.10.34:494][  0]LogWindows: Warning: CreateProc failed: The system cannot find the file specified. (0x00000002)
[2022.02.16-03.10.34:494][  0]LogWindows: Warning: URL: C:/Program Files (x86)/fournova/Tower/vendor/Git/bin/git.exe version
[2022.02.16-03.10.34:500][  0]LogUProjectInfo: Found projects:
[2022.02.16-03.10.34:506][  0]LogVSAccessor: Display: Unable to create Visual Studio setup instance: 80040154
[2022.02.16-03.10.34:507][  0]LogVSAccessor: Display: Unable to create Visual Studio setup instance: 80040154
[2022.02.16-03.10.34:507][  0]LogVSAccessor: Display: Unable to create Visual Studio setup instance: 80040154
[2022.02.16-03.10.34:699][  0]LogOpenImageDenoise: OIDN starting up
[2022.02.16-03.10.34:723][  0]LogAndroidPermission: UAndroidPermissionCallbackProxy::GetInstance
[2022.02.16-03.10.34:739][  0]LogAudioCaptureCore: Display: No Audio Capture implementations found. Audio input will be silent.
[2022.02.16-03.10.34:739][  0]LogAudioCaptureCore: Display: No Audio Capture implementations found. Audio input will be silent.
[2022.02.16-03.10.34:834][  0]LogCollectionManager: Loaded 0 collections in 0.002086 seconds
[2022.02.16-03.10.34:887][  0]LogFileCache: Scanning file cache for directory 'C:/Users/linus/Documents/GitHub/Workshop/Saved/Collections/' took 0.00s
[2022.02.16-03.10.34:887][  0]LogFileCache: Scanning file cache for directory 'C:/Users/linus/Documents/GitHub/Workshop/Content/Developers/linus/Collections/' took 0.00s
[2022.02.16-03.10.34:887][  0]LogFileCache: Scanning file cache for directory 'C:/Users/linus/Documents/GitHub/Workshop/Content/Collections/' took 0.00s
[2022.02.16-03.10.34:887][  0]LogEngine: Initializing Engine...
[2022.02.16-03.10.34:908][  0]LogMagicLeap: Warning: VR disabled because ZI is not enabled.  To enable, in the editor, Edit -> Project Settings -> Plugins -> Magic Leap Plugin -> Enable Zero Iteration
[2022.02.16-03.10.34:909][  0]LogStats: UGameplayTagsManager::InitializeManager -  0.000 s
[2022.02.16-03.10.35:027][  0]LogInit: Initializing FReadOnlyCVARCache
[2022.02.16-03.10.35:034][  0]LogAIModule: Creating AISystem for world Untitled
[2022.02.16-03.10.35:036][  0]LogAudio: Display: Initializing Audio Device Manager...
[2022.02.16-03.10.35:039][  0]LogAudio: Display: Loading Default Audio Settings Objects...
[2022.02.16-03.10.35:040][  0]LogAudio: Display: No default SoundConcurrencyObject specified (or failed to load).
[2022.02.16-03.10.35:040][  0]LogAudio: Display: Audio Device Manager Initialized
[2022.02.16-03.10.35:040][  0]LogAudio: Display: Creating Audio Device:                 Id: 1, Scope: Shared, Realtime: True
[2022.02.16-03.10.35:040][  0]LogAudioMixer: Display: Audio Mixer Platform Settings:
[2022.02.16-03.10.35:040][  0]LogAudioMixer: Display: 	Sample Rate:						  48000
[2022.02.16-03.10.35:040][  0]LogAudioMixer: Display: 	Callback Buffer Frame Size Requested: 1024
[2022.02.16-03.10.35:040][  0]LogAudioMixer: Display: 	Callback Buffer Frame Size To Use:	  1024
[2022.02.16-03.10.35:040][  0]LogAudioMixer: Display: 	Number of buffers to queue:			  2
[2022.02.16-03.10.35:040][  0]LogAudioMixer: Display: 	Max Channels (voices):				  32
[2022.02.16-03.10.35:040][  0]LogAudioMixer: Display: 	Number of Async Source Workers:		  0
[2022.02.16-03.10.35:040][  0]LogAudio: Display: AudioDevice MaxSources: 32
[2022.02.16-03.10.35:041][  0]LogAudio: Display: Audio Spatialization Plugin: None (built-in).
[2022.02.16-03.10.35:041][  0]LogAudio: Display: Audio Reverb Plugin: None (built-in).
[2022.02.16-03.10.35:041][  0]LogAudio: Display: Audio Occlusion Plugin: None (built-in).
[2022.02.16-03.10.35:041][  0]LogAudioMixer: Display: Initializing audio mixer.
[2022.02.16-03.10.35:058][  0]LogAudioMixer: Display: 0: FrontLeft
[2022.02.16-03.10.35:058][  0]LogAudioMixer: Display: 1: FrontRight
[2022.02.16-03.10.35:058][  0]LogAudioMixer: Display: 2: BackLeft
[2022.02.16-03.10.35:058][  0]LogAudioMixer: Display: 3: BackRight
[2022.02.16-03.10.35:074][  0]LogAudioMixer: Display: Using Audio Device Speakers (Cirrus Logic CS8409 (AB 16))
[2022.02.16-03.10.35:076][  0]LogAudioMixer: Display: Initializing Sound Submixes...
[2022.02.16-03.10.35:078][  0]LogAudioMixer: Display: Creating Master Submix 'MasterSubmixDefault'
[2022.02.16-03.10.35:078][  0]LogAudioMixer: Display: Creating Master Submix 'MasterReverbSubmixDefault'
[2022.02.16-03.10.35:079][  0]LogAudioMixer: Display: Creating Master Submix 'MasterEQSubmixDefault'
[2022.02.16-03.10.35:079][  0]LogAudioMixer: FMixerPlatformXAudio2::StartAudioStream() called
[2022.02.16-03.10.35:079][  0]LogAudioMixer: Display: Output buffers initialized: Frames=1024, Channels=4, Samples=4096
[2022.02.16-03.10.35:079][  0]LogAudioMixer: Display: Starting AudioMixerPlatformInterface::RunInternal()
[2022.02.16-03.10.35:080][  0]LogAudioMixer: Display: FMixerPlatformXAudio2::SubmitBuffer() called for the first time
[2022.02.16-03.10.35:080][  0]LogInit: FAudioDevice initialized.
[2022.02.16-03.10.35:080][  0]LogAudio: Display: Audio Device (ID: 1) registered with world 'Untitled'.
[2022.02.16-03.10.35:080][  0]LogNetVersion: Set ProjectVersion to 1.0.0.0. Version Checksum will be recalculated on next use.
[2022.02.16-03.10.36:476][  0]LogDerivedDataCache: Saved boot cache 1.40s 94MB C:/Users/linus/AppData/Local/UnrealEngine/4.27/DerivedDataCache/Boot.ddc.
[2022.02.16-03.10.36:477][  0]LogInit: Texture streaming: Enabled
[2022.02.16-03.10.36:488][  0]LogAnalytics: Display: [UEEditor.Rocket.Release] APIServer = https://datarouter.ol.epicgames.com/. AppVersion = 4.27.2-18319896+++UE4+Release-4.27
[2022.02.16-03.10.36:492][  0]LogEngineSessionManager: EngineSessionManager initialized
[2022.02.16-03.10.36:492][  0]LogEditorSessionSummary: Verbose: Initializing EditorSessionSummaryWriter for editor session tracking
[2022.02.16-03.10.36:493][  0]LogEditorSessionSummary: EditorSessionSummaryWriter initialized
[2022.02.16-03.10.36:513][  0]LogInit: Transaction tracking system initialized
[2022.02.16-03.10.36:662][  0]BlueprintLog: New page: Editor Load
[2022.02.16-03.10.36:754][  0]LocalizationService: Localization service is disabled
[2022.02.16-03.10.36:774][  0]TimingProfiler: Initialize
[2022.02.16-03.10.36:774][  0]TimingProfiler: OnSessionChanged
[2022.02.16-03.10.36:774][  0]LoadingProfiler: Initialize
[2022.02.16-03.10.36:774][  0]LoadingProfiler: OnSessionChanged
[2022.02.16-03.10.36:774][  0]NetworkingProfiler: Initialize
[2022.02.16-03.10.36:774][  0]NetworkingProfiler: OnSessionChanged
[2022.02.16-03.10.36:774][  0]MemoryProfiler: Initialize
[2022.02.16-03.10.36:774][  0]MemoryProfiler: OnSessionChanged
[2022.02.16-03.10.36:826][  0]LogVSAccessor: Display: Unable to create Visual Studio setup instance: 80040154
[2022.02.16-03.10.36:827][  0]LogVSAccessor: Display: Unable to create Visual Studio setup instance: 80040154
[2022.02.16-03.10.36:827][  0]LogVSAccessor: Display: Unable to create Visual Studio setup instance: 80040154
[2022.02.16-03.10.36:936][  0]LogCook: Display: CookSettings for Memory: MemoryMaxUsedVirtual 0MiB, MemoryMaxUsedPhysical 16384MiB, MemoryMinFreeVirtual 0MiB, MemoryMinFreePhysical 1024MiB
[2022.02.16-03.10.36:936][  0]LogCook: Display: Mobile HDR setting 1
[2022.02.16-03.10.37:067][  0]LogFileCache: Scanning file cache for directory 'C:/Users/linus/Documents/GitHub/Workshop/Content/' took 0.00s
[2022.02.16-03.10.37:067][  0]LogInit: Display: Engine is initialized. Leaving FEngineLoop::Init()
[2022.02.16-03.10.37:070][  0]LogWindows: Warning: CreateProc failed: The system cannot find the file specified. (0x00000002)
[2022.02.16-03.10.37:070][  0]LogWindows: Warning: URL: C:/Program Files/Git/bin/git.exe version
[2022.02.16-03.10.37:070][  0]LogWindows: Warning: CreateProc failed: The system cannot find the file specified. (0x00000002)
[2022.02.16-03.10.37:070][  0]LogWindows: Warning: URL: C:/Program Files (x86)/Git/bin/git.exe version
[2022.02.16-03.10.37:070][  0]LogWindows: Warning: CreateProc failed: The system cannot find the file specified. (0x00000002)
[2022.02.16-03.10.37:070][  0]LogWindows: Warning: URL: C:\Users\linus\AppData\Local/Programs/Git/cmd/git.exe version
[2022.02.16-03.10.37:070][  0]LogWindows: Warning: CreateProc failed: The system cannot find the file specified. (0x00000002)
[2022.02.16-03.10.37:070][  0]LogWindows: Warning: URL: C:/Program Files (x86)/SmartGit/git/bin/git.exe version
[2022.02.16-03.10.37:070][  0]LogWindows: Warning: CreateProc failed: The system cannot find the file specified. (0x00000002)
[2022.02.16-03.10.37:070][  0]LogWindows: Warning: URL: C:/Program Files (x86)/SmartGit/bin/git.exe version
[2022.02.16-03.10.37:070][  0]LogWindows: Warning: CreateProc failed: The system cannot find the file specified. (0x00000002)
[2022.02.16-03.10.37:070][  0]LogWindows: Warning: URL: C:\Users\linus\AppData\Local/Atlassian/SourceTree/git_local/bin/git.exe version
[2022.02.16-03.10.37:071][  0]LogWindows: Warning: CreateProc failed: The system cannot find the file specified. (0x00000002)
[2022.02.16-03.10.37:071][  0]LogWindows: Warning: URL: C:/Program Files (x86)/fournova/Tower/vendor/Git/bin/git.exe version
[2022.02.16-03.10.37:071][  0]LogUnrealEdMisc: Loading editor; pre map load, took 7.955
[2022.02.16-03.10.37:071][  0]Cmd: MAP LOAD FILE="../../../Engine/Content/Maps/Templates/Template_Default.umap" TEMPLATE=1 SHOWPROGRESS=1 FEATURELEVEL=3
[2022.02.16-03.10.37:071][  0]LightingResults: New page: Lighting Build
[2022.02.16-03.10.37:072][  0]LogWorld: UWorld::CleanupWorld for Untitled, bSessionEnded=true, bCleanupResources=true
[2022.02.16-03.10.37:072][  0]LogSlate: InvalidateAllWidgets triggered.  All widgets were invalidated
[2022.02.16-03.10.37:072][  0]MapCheck: New page: Map Check
[2022.02.16-03.10.37:072][  0]LightingResults: New page: Lighting Build
[2022.02.16-03.10.37:078][  0]LogAudio: Display: Audio Device unregistered from world 'None'.
[2022.02.16-03.10.37:080][  0]LogUObjectHash: Compacting FUObjectHashTables data took   0.71ms
[2022.02.16-03.10.37:132][  0]LogTexture: Display: Building textures: DeprecatedTextureEB9CBE3C423008B5E8E130901E171C89 (BGRA8, 128X128)
[2022.02.16-03.10.37:139][  0]LogAudio: Display: Audio Device (ID: 1) registered with world 'Untitled_1'.
[2022.02.16-03.10.37:140][  0]LogAIModule: Creating AISystem for world Untitled_1
[2022.02.16-03.10.37:143][  0]LogEditorServer: Finished looking for orphan Actors (0.000 secs)
[2022.02.16-03.10.37:153][  0]LogUObjectHash: Compacting FUObjectHashTables data took   0.73ms
[2022.02.16-03.10.37:153][  0]Cmd: MAP CHECKDEP NOCLEARLOG
[2022.02.16-03.10.37:153][  0]MapCheck: Map check complete: 0 Error(s), 0 Warning(s), took 0.169ms to complete.
[2022.02.16-03.10.37:153][  0]LogFileHelpers: Loading map 'Template_Default' took 0.082
[2022.02.16-03.10.37:155][  0]LogUnrealEdMisc: Total Editor Startup Time, took 8.039
[2022.02.16-03.10.38:293][  0]LogSlate: Updating window title bar state: overlay mode, drag disabled, window buttons hidden, title bar hidden
[2022.02.16-03.10.38:347][  0]LogSlate: Updating window title bar state: overlay mode, drag disabled, window buttons hidden, title bar hidden
[2022.02.16-03.10.38:357][  0]LogSlate: Updating window title bar state: overlay mode, drag disabled, window buttons hidden, title bar hidden
[2022.02.16-03.10.38:368][  0]LogSlate: Updating window title bar state: overlay mode, drag disabled, window buttons hidden, title bar hidden
[2022.02.16-03.10.39:056][  0]LogNativeClassHierarchy: Verbose: Native class hierarchy populated in 0.0543 seconds. Added 3714 classes and 868 folders.
[2022.02.16-03.10.39:293][  0]LogNativeClassHierarchy: Verbose: Native class hierarchy updated for 'WidgetCarousel' in 0.0004 seconds. Added 0 classes and 0 folders.
[2022.02.16-03.10.39:422][  0]LogPakFile: PakFile PrimaryIndexSize=187
[2022.02.16-03.10.39:422][  0]LogPakFile: PakFile PathHashIndexSize=101
[2022.02.16-03.10.39:422][  0]LogPakFile: PakFile FullDirectoryIndexSize=148
[2022.02.16-03.10.39:433][  0]LogShaderLibrary: Display: ShaderCodeLibraryPakFileMountedCallback: PakFile 'C:/Program Files/Epic Games/UE_4.27/FeaturePacks/FP_FirstPerson.upack' (chunk index -1, root 'root:/') mounted
[2022.02.16-03.10.39:433][  0]LogShaderLibrary: Display: ShaderCodeLibraryPakFileMountedCallback: pending pak file info (ChunkID:-1 Root:root:/ File:C:/Program Files/Epic Games/UE_4.27/FeaturePacks/FP_FirstPerson.upack)
[2022.02.16-03.10.39:433][  0]LogPakFile: OnPakFileMounted2Time == 0.012074
[2022.02.16-03.10.39:536][  0]LogPakFile: PakFile PrimaryIndexSize=189
[2022.02.16-03.10.39:536][  0]LogPakFile: PakFile PathHashIndexSize=101
[2022.02.16-03.10.39:536][  0]LogPakFile: PakFile FullDirectoryIndexSize=152
[2022.02.16-03.10.39:536][  0]LogShaderLibrary: Display: ShaderCodeLibraryPakFileMountedCallback: PakFile 'C:/Program Files/Epic Games/UE_4.27/FeaturePacks/FP_FirstPersonBP.upack' (chunk index -1, root 'root:/') mounted
[2022.02.16-03.10.39:536][  0]LogShaderLibrary: Display: ShaderCodeLibraryPakFileMountedCallback: pending pak file info (ChunkID:-1 Root:root:/ File:C:/Program Files/Epic Games/UE_4.27/FeaturePacks/FP_FirstPersonBP.upack)
[2022.02.16-03.10.39:536][  0]LogPakFile: OnPakFileMounted2Time == 0.000051
[2022.02.16-03.10.39:547][  0]LogPakFile: PakFile PrimaryIndexSize=191
[2022.02.16-03.10.39:547][  0]LogPakFile: PakFile PathHashIndexSize=101
[2022.02.16-03.10.39:547][  0]LogPakFile: PakFile FullDirectoryIndexSize=160
[2022.02.16-03.10.39:547][  0]LogShaderLibrary: Display: ShaderCodeLibraryPakFileMountedCallback: PakFile 'C:/Program Files/Epic Games/UE_4.27/FeaturePacks/MobileStarterContent.upack' (chunk index -1, root 'root:/') mounted
[2022.02.16-03.10.39:547][  0]LogShaderLibrary: Display: ShaderCodeLibraryPakFileMountedCallback: pending pak file info (ChunkID:-1 Root:root:/ File:C:/Program Files/Epic Games/UE_4.27/FeaturePacks/MobileStarterContent.upack)
[2022.02.16-03.10.39:547][  0]LogPakFile: OnPakFileMounted2Time == 0.000051
[2022.02.16-03.10.39:565][  0]LogPakFile: PakFile PrimaryIndexSize=185
[2022.02.16-03.10.39:565][  0]LogPakFile: PakFile PathHashIndexSize=101
[2022.02.16-03.10.39:565][  0]LogPakFile: PakFile FullDirectoryIndexSize=148
[2022.02.16-03.10.39:565][  0]LogShaderLibrary: Display: ShaderCodeLibraryPakFileMountedCallback: PakFile 'C:/Program Files/Epic Games/UE_4.27/FeaturePacks/StarterContent.upack' (chunk index -1, root 'root:/') mounted
[2022.02.16-03.10.39:565][  0]LogShaderLibrary: Display: ShaderCodeLibraryPakFileMountedCallback: pending pak file info (ChunkID:-1 Root:root:/ File:C:/Program Files/Epic Games/UE_4.27/FeaturePacks/StarterContent.upack)
[2022.02.16-03.10.39:565][  0]LogPakFile: OnPakFileMounted2Time == 0.000054
[2022.02.16-03.10.39:627][  0]LogPakFile: PakFile PrimaryIndexSize=190
[2022.02.16-03.10.39:627][  0]LogPakFile: PakFile PathHashIndexSize=101
[2022.02.16-03.10.39:627][  0]LogPakFile: PakFile FullDirectoryIndexSize=154
[2022.02.16-03.10.39:627][  0]LogShaderLibrary: Display: ShaderCodeLibraryPakFileMountedCallback: PakFile 'C:/Program Files/Epic Games/UE_4.27/FeaturePacks/TP_2DSideScroller.upack' (chunk index -1, root 'root:/') mounted
[2022.02.16-03.10.39:627][  0]LogShaderLibrary: Display: ShaderCodeLibraryPakFileMountedCallback: pending pak file info (ChunkID:-1 Root:root:/ File:C:/Program Files/Epic Games/UE_4.27/FeaturePacks/TP_2DSideScroller.upack)
[2022.02.16-03.10.39:627][  0]LogPakFile: OnPakFileMounted2Time == 0.000133
[2022.02.16-03.10.39:641][  0]LogPakFile: PakFile PrimaryIndexSize=192
[2022.02.16-03.10.39:642][  0]LogPakFile: PakFile PathHashIndexSize=101
[2022.02.16-03.10.39:642][  0]LogPakFile: PakFile FullDirectoryIndexSize=158
[2022.02.16-03.10.39:642][  0]LogShaderLibrary: Display: ShaderCodeLibraryPakFileMountedCallback: PakFile 'C:/Program Files/Epic Games/UE_4.27/FeaturePacks/TP_2DSideScrollerBP.upack' (chunk index -1, root 'root:/') mounted
[2022.02.16-03.10.39:642][  0]LogShaderLibrary: Display: ShaderCodeLibraryPakFileMountedCallback: pending pak file info (ChunkID:-1 Root:root:/ File:C:/Program Files/Epic Games/UE_4.27/FeaturePacks/TP_2DSideScrollerBP.upack)
[2022.02.16-03.10.39:642][  0]LogPakFile: OnPakFileMounted2Time == 0.000121
[2022.02.16-03.10.39:735][  0]LogPakFile: PakFile PrimaryIndexSize=182
[2022.02.16-03.10.39:735][  0]LogPakFile: PakFile PathHashIndexSize=101
[2022.02.16-03.10.39:735][  0]LogPakFile: PakFile FullDirectoryIndexSize=138
[2022.02.16-03.10.39:735][  0]LogShaderLibrary: Display: ShaderCodeLibraryPakFileMountedCallback: PakFile 'C:/Program Files/Epic Games/UE_4.27/FeaturePacks/TP_Flying.upack' (chunk index -1, root 'root:/') mounted
[2022.02.16-03.10.39:735][  0]LogShaderLibrary: Display: ShaderCodeLibraryPakFileMountedCallback: pending pak file info (ChunkID:-1 Root:root:/ File:C:/Program Files/Epic Games/UE_4.27/FeaturePacks/TP_Flying.upack)
[2022.02.16-03.10.39:735][  0]LogPakFile: OnPakFileMounted2Time == 0.000042
[2022.02.16-03.10.39:884][  0]LogPakFile: PakFile PrimaryIndexSize=184
[2022.02.16-03.10.39:884][  0]LogPakFile: PakFile PathHashIndexSize=101
[2022.02.16-03.10.39:884][  0]LogPakFile: PakFile FullDirectoryIndexSize=142
[2022.02.16-03.10.39:884][  0]LogShaderLibrary: Display: ShaderCodeLibraryPakFileMountedCallback: PakFile 'C:/Program Files/Epic Games/UE_4.27/FeaturePacks/TP_FlyingBP.upack' (chunk index -1, root 'root:/') mounted
[2022.02.16-03.10.39:884][  0]LogShaderLibrary: Display: ShaderCodeLibraryPakFileMountedCallback: pending pak file info (ChunkID:-1 Root:root:/ File:C:/Program Files/Epic Games/UE_4.27/FeaturePacks/TP_FlyingBP.upack)
[2022.02.16-03.10.39:884][  0]LogPakFile: OnPakFileMounted2Time == 0.000187
[2022.02.16-03.10.39:945][  0]LogPakFile: PakFile PrimaryIndexSize=188
[2022.02.16-03.10.39:945][  0]LogPakFile: PakFile PathHashIndexSize=101
[2022.02.16-03.10.39:945][  0]LogPakFile: PakFile FullDirectoryIndexSize=150
[2022.02.16-03.10.39:945][  0]LogShaderLibrary: Display: ShaderCodeLibraryPakFileMountedCallback: PakFile 'C:/Program Files/Epic Games/UE_4.27/FeaturePacks/TP_HandheldARBP.upack' (chunk index -1, root 'root:/') mounted
[2022.02.16-03.10.39:945][  0]LogShaderLibrary: Display: ShaderCodeLibraryPakFileMountedCallback: pending pak file info (ChunkID:-1 Root:root:/ File:C:/Program Files/Epic Games/UE_4.27/FeaturePacks/TP_HandheldARBP.upack)
[2022.02.16-03.10.39:946][  0]LogPakFile: OnPakFileMounted2Time == 0.000162
[2022.02.16-03.10.40:130][  0]LogPakFile: PakFile PrimaryIndexSize=182
[2022.02.16-03.10.40:130][  0]LogPakFile: PakFile PathHashIndexSize=101
[2022.02.16-03.10.40:130][  0]LogPakFile: PakFile FullDirectoryIndexSize=138
[2022.02.16-03.10.40:130][  0]LogShaderLibrary: Display: ShaderCodeLibraryPakFileMountedCallback: PakFile 'C:/Program Files/Epic Games/UE_4.27/FeaturePacks/TP_Puzzle.upack' (chunk index -1, root 'root:/') mounted
[2022.02.16-03.10.40:130][  0]LogShaderLibrary: Display: ShaderCodeLibraryPakFileMountedCallback: pending pak file info (ChunkID:-1 Root:root:/ File:C:/Program Files/Epic Games/UE_4.27/FeaturePacks/TP_Puzzle.upack)
[2022.02.16-03.10.40:130][  0]LogPakFile: OnPakFileMounted2Time == 0.000046
[2022.02.16-03.10.40:147][  0]LogPakFile: PakFile PrimaryIndexSize=184
[2022.02.16-03.10.40:147][  0]LogPakFile: PakFile PathHashIndexSize=101
[2022.02.16-03.10.40:147][  0]LogPakFile: PakFile FullDirectoryIndexSize=142
[2022.02.16-03.10.40:147][  0]LogShaderLibrary: Display: ShaderCodeLibraryPakFileMountedCallback: PakFile 'C:/Program Files/Epic Games/UE_4.27/FeaturePacks/TP_PuzzleBP.upack' (chunk index -1, root 'root:/') mounted
[2022.02.16-03.10.40:147][  0]LogShaderLibrary: Display: ShaderCodeLibraryPakFileMountedCallback: pending pak file info (ChunkID:-1 Root:root:/ File:C:/Program Files/Epic Games/UE_4.27/FeaturePacks/TP_PuzzleBP.upack)
[2022.02.16-03.10.40:147][  0]LogPakFile: OnPakFileMounted2Time == 0.000045
[2022.02.16-03.10.40:224][  0]LogPakFile: PakFile PrimaryIndexSize=183
[2022.02.16-03.10.40:224][  0]LogPakFile: PakFile PathHashIndexSize=101
[2022.02.16-03.10.40:224][  0]LogPakFile: PakFile FullDirectoryIndexSize=140
[2022.02.16-03.10.40:224][  0]LogShaderLibrary: Display: ShaderCodeLibraryPakFileMountedCallback: PakFile 'C:/Program Files/Epic Games/UE_4.27/FeaturePacks/TP_Rolling.upack' (chunk index -1, root 'root:/') mounted
[2022.02.16-03.10.40:224][  0]LogShaderLibrary: Display: ShaderCodeLibraryPakFileMountedCallback: pending pak file info (ChunkID:-1 Root:root:/ File:C:/Program Files/Epic Games/UE_4.27/FeaturePacks/TP_Rolling.upack)
[2022.02.16-03.10.40:224][  0]LogPakFile: OnPakFileMounted2Time == 0.000114
[2022.02.16-03.10.40:255][  0]LogPakFile: PakFile PrimaryIndexSize=185
[2022.02.16-03.10.40:255][  0]LogPakFile: PakFile PathHashIndexSize=101
[2022.02.16-03.10.40:255][  0]LogPakFile: PakFile FullDirectoryIndexSize=144
[2022.02.16-03.10.40:255][  0]LogShaderLibrary: Display: ShaderCodeLibraryPakFileMountedCallback: PakFile 'C:/Program Files/Epic Games/UE_4.27/FeaturePacks/TP_RollingBP.upack' (chunk index -1, root 'root:/') mounted
[2022.02.16-03.10.40:255][  0]LogShaderLibrary: Display: ShaderCodeLibraryPakFileMountedCallback: pending pak file info (ChunkID:-1 Root:root:/ File:C:/Program Files/Epic Games/UE_4.27/FeaturePacks/TP_RollingBP.upack)
[2022.02.16-03.10.40:255][  0]LogPakFile: OnPakFileMounted2Time == 0.000126
[2022.02.16-03.10.40:278][  0]LogPakFile: PakFile PrimaryIndexSize=188
[2022.02.16-03.10.40:278][  0]LogPakFile: PakFile PathHashIndexSize=101
[2022.02.16-03.10.40:278][  0]LogPakFile: PakFile FullDirectoryIndexSize=150
[2022.02.16-03.10.40:278][  0]LogShaderLibrary: Display: ShaderCodeLibraryPakFileMountedCallback: PakFile 'C:/Program Files/Epic Games/UE_4.27/FeaturePacks/TP_SideScroller.upack' (chunk index -1, root 'root:/') mounted
[2022.02.16-03.10.40:278][  0]LogShaderLibrary: Display: ShaderCodeLibraryPakFileMountedCallback: pending pak file info (ChunkID:-1 Root:root:/ File:C:/Program Files/Epic Games/UE_4.27/FeaturePacks/TP_SideScroller.upack)
[2022.02.16-03.10.40:278][  0]LogPakFile: OnPakFileMounted2Time == 0.000118
[2022.02.16-03.10.40:291][  0]LogPakFile: PakFile PrimaryIndexSize=190
[2022.02.16-03.10.40:292][  0]LogPakFile: PakFile PathHashIndexSize=101
[2022.02.16-03.10.40:292][  0]LogPakFile: PakFile FullDirectoryIndexSize=154
[2022.02.16-03.10.40:292][  0]LogShaderLibrary: Display: ShaderCodeLibraryPakFileMountedCallback: PakFile 'C:/Program Files/Epic Games/UE_4.27/FeaturePacks/TP_SideScrollerBP.upack' (chunk index -1, root 'root:/') mounted
[2022.02.16-03.10.40:292][  0]LogShaderLibrary: Display: ShaderCodeLibraryPakFileMountedCallback: pending pak file info (ChunkID:-1 Root:root:/ File:C:/Program Files/Epic Games/UE_4.27/FeaturePacks/TP_SideScrollerBP.upack)
[2022.02.16-03.10.40:292][  0]LogPakFile: OnPakFileMounted2Time == 0.000108
[2022.02.16-03.10.40:310][  0]LogPakFile: PakFile PrimaryIndexSize=187
[2022.02.16-03.10.40:310][  0]LogPakFile: PakFile PathHashIndexSize=101
[2022.02.16-03.10.40:311][  0]LogPakFile: PakFile FullDirectoryIndexSize=148
[2022.02.16-03.10.40:311][  0]LogShaderLibrary: Display: ShaderCodeLibraryPakFileMountedCallback: PakFile 'C:/Program Files/Epic Games/UE_4.27/FeaturePacks/TP_ThirdPerson.upack' (chunk index -1, root 'root:/') mounted
[2022.02.16-03.10.40:311][  0]LogShaderLibrary: Display: ShaderCodeLibraryPakFileMountedCallback: pending pak file info (ChunkID:-1 Root:root:/ File:C:/Program Files/Epic Games/UE_4.27/FeaturePacks/TP_ThirdPerson.upack)
[2022.02.16-03.10.40:311][  0]LogPakFile: OnPakFileMounted2Time == 0.000053
[2022.02.16-03.10.40:358][  0]LogPakFile: PakFile PrimaryIndexSize=189
[2022.02.16-03.10.40:358][  0]LogPakFile: PakFile PathHashIndexSize=101
[2022.02.16-03.10.40:358][  0]LogPakFile: PakFile FullDirectoryIndexSize=152
[2022.02.16-03.10.40:358][  0]LogShaderLibrary: Display: ShaderCodeLibraryPakFileMountedCallback: PakFile 'C:/Program Files/Epic Games/UE_4.27/FeaturePacks/TP_ThirdPersonBP.upack' (chunk index -1, root 'root:/') mounted
[2022.02.16-03.10.40:358][  0]LogShaderLibrary: Display: ShaderCodeLibraryPakFileMountedCallback: pending pak file info (ChunkID:-1 Root:root:/ File:C:/Program Files/Epic Games/UE_4.27/FeaturePacks/TP_ThirdPersonBP.upack)
[2022.02.16-03.10.40:358][  0]LogPakFile: OnPakFileMounted2Time == 0.000055
[2022.02.16-03.10.40:365][  0]LogPakFile: PakFile PrimaryIndexSize=183
[2022.02.16-03.10.40:365][  0]LogPakFile: PakFile PathHashIndexSize=101
[2022.02.16-03.10.40:365][  0]LogPakFile: PakFile FullDirectoryIndexSize=140
[2022.02.16-03.10.40:365][  0]LogShaderLibrary: Display: ShaderCodeLibraryPakFileMountedCallback: PakFile 'C:/Program Files/Epic Games/UE_4.27/FeaturePacks/TP_TopDown.upack' (chunk index -1, root 'root:/') mounted
[2022.02.16-03.10.40:365][  0]LogShaderLibrary: Display: ShaderCodeLibraryPakFileMountedCallback: pending pak file info (ChunkID:-1 Root:root:/ File:C:/Program Files/Epic Games/UE_4.27/FeaturePacks/TP_TopDown.upack)
[2022.02.16-03.10.40:365][  0]LogPakFile: OnPakFileMounted2Time == 0.000061
[2022.02.16-03.10.40:396][  0]LogPakFile: PakFile PrimaryIndexSize=185
[2022.02.16-03.10.40:396][  0]LogPakFile: PakFile PathHashIndexSize=101
[2022.02.16-03.10.40:396][  0]LogPakFile: PakFile FullDirectoryIndexSize=144
[2022.02.16-03.10.40:396][  0]LogShaderLibrary: Display: ShaderCodeLibraryPakFileMountedCallback: PakFile 'C:/Program Files/Epic Games/UE_4.27/FeaturePacks/TP_TopDownBP.upack' (chunk index -1, root 'root:/') mounted
[2022.02.16-03.10.40:397][  0]LogShaderLibrary: Display: ShaderCodeLibraryPakFileMountedCallback: pending pak file info (ChunkID:-1 Root:root:/ File:C:/Program Files/Epic Games/UE_4.27/FeaturePacks/TP_TopDownBP.upack)
[2022.02.16-03.10.40:397][  0]LogPakFile: OnPakFileMounted2Time == 0.000062
[2022.02.16-03.10.40:440][  0]LogPakFile: PakFile PrimaryIndexSize=185
[2022.02.16-03.10.40:440][  0]LogPakFile: PakFile PathHashIndexSize=101
[2022.02.16-03.10.40:440][  0]LogPakFile: PakFile FullDirectoryIndexSize=144
[2022.02.16-03.10.40:440][  0]LogShaderLibrary: Display: ShaderCodeLibraryPakFileMountedCallback: PakFile 'C:/Program Files/Epic Games/UE_4.27/FeaturePacks/TP_TwinStick.upack' (chunk index -1, root 'root:/') mounted
[2022.02.16-03.10.40:440][  0]LogShaderLibrary: Display: ShaderCodeLibraryPakFileMountedCallback: pending pak file info (ChunkID:-1 Root:root:/ File:C:/Program Files/Epic Games/UE_4.27/FeaturePacks/TP_TwinStick.upack)
[2022.02.16-03.10.40:440][  0]LogPakFile: OnPakFileMounted2Time == 0.000050
[2022.02.16-03.10.40:463][  0]LogPakFile: PakFile PrimaryIndexSize=187
[2022.02.16-03.10.40:463][  0]LogPakFile: PakFile PathHashIndexSize=101
[2022.02.16-03.10.40:463][  0]LogPakFile: PakFile FullDirectoryIndexSize=148
[2022.02.16-03.10.40:463][  0]LogShaderLibrary: Display: ShaderCodeLibraryPakFileMountedCallback: PakFile 'C:/Program Files/Epic Games/UE_4.27/FeaturePacks/TP_TwinStickBP.upack' (chunk index -1, root 'root:/') mounted
[2022.02.16-03.10.40:463][  0]LogShaderLibrary: Display: ShaderCodeLibraryPakFileMountedCallback: pending pak file info (ChunkID:-1 Root:root:/ File:C:/Program Files/Epic Games/UE_4.27/FeaturePacks/TP_TwinStickBP.upack)
[2022.02.16-03.10.40:463][  0]LogPakFile: OnPakFileMounted2Time == 0.000046
[2022.02.16-03.10.40:469][  0]LogPakFile: PakFile PrimaryIndexSize=183
[2022.02.16-03.10.40:469][  0]LogPakFile: PakFile PathHashIndexSize=101
[2022.02.16-03.10.40:469][  0]LogPakFile: PakFile FullDirectoryIndexSize=140
[2022.02.16-03.10.40:469][  0]LogShaderLibrary: Display: ShaderCodeLibraryPakFileMountedCallback: PakFile 'C:/Program Files/Epic Games/UE_4.27/FeaturePacks/TP_Vehicle.upack' (chunk index -1, root 'root:/') mounted
[2022.02.16-03.10.40:469][  0]LogShaderLibrary: Display: ShaderCodeLibraryPakFileMountedCallback: pending pak file info (ChunkID:-1 Root:root:/ File:C:/Program Files/Epic Games/UE_4.27/FeaturePacks/TP_Vehicle.upack)
[2022.02.16-03.10.40:469][  0]LogPakFile: OnPakFileMounted2Time == 0.000043
[2022.02.16-03.10.40:484][  0]LogPakFile: PakFile PrimaryIndexSize=186
[2022.02.16-03.10.40:484][  0]LogPakFile: PakFile PathHashIndexSize=101
[2022.02.16-03.10.40:484][  0]LogPakFile: PakFile FullDirectoryIndexSize=146
[2022.02.16-03.10.40:484][  0]LogShaderLibrary: Display: ShaderCodeLibraryPakFileMountedCallback: PakFile 'C:/Program Files/Epic Games/UE_4.27/FeaturePacks/TP_VehicleAdv.upack' (chunk index -1, root 'root:/') mounted
[2022.02.16-03.10.40:484][  0]LogShaderLibrary: Display: ShaderCodeLibraryPakFileMountedCallback: pending pak file info (ChunkID:-1 Root:root:/ File:C:/Program Files/Epic Games/UE_4.27/FeaturePacks/TP_VehicleAdv.upack)
[2022.02.16-03.10.40:484][  0]LogPakFile: OnPakFileMounted2Time == 0.000044
[2022.02.16-03.10.40:510][  0]LogPakFile: PakFile PrimaryIndexSize=188
[2022.02.16-03.10.40:510][  0]LogPakFile: PakFile PathHashIndexSize=101
[2022.02.16-03.10.40:510][  0]LogPakFile: PakFile FullDirectoryIndexSize=150
[2022.02.16-03.10.40:510][  0]LogShaderLibrary: Display: ShaderCodeLibraryPakFileMountedCallback: PakFile 'C:/Program Files/Epic Games/UE_4.27/FeaturePacks/TP_VehicleAdvBP.upack' (chunk index -1, root 'root:/') mounted
[2022.02.16-03.10.40:510][  0]LogShaderLibrary: Display: ShaderCodeLibraryPakFileMountedCallback: pending pak file info (ChunkID:-1 Root:root:/ File:C:/Program Files/Epic Games/UE_4.27/FeaturePacks/TP_VehicleAdvBP.upack)
[2022.02.16-03.10.40:510][  0]LogPakFile: OnPakFileMounted2Time == 0.000047
[2022.02.16-03.10.40:536][  0]LogPakFile: PakFile PrimaryIndexSize=185
[2022.02.16-03.10.40:536][  0]LogPakFile: PakFile PathHashIndexSize=101
[2022.02.16-03.10.40:536][  0]LogPakFile: PakFile FullDirectoryIndexSize=144
[2022.02.16-03.10.40:536][  0]LogShaderLibrary: Display: ShaderCodeLibraryPakFileMountedCallback: PakFile 'C:/Program Files/Epic Games/UE_4.27/FeaturePacks/TP_VehicleBP.upack' (chunk index -1, root 'root:/') mounted
[2022.02.16-03.10.40:536][  0]LogShaderLibrary: Display: ShaderCodeLibraryPakFileMountedCallback: pending pak file info (ChunkID:-1 Root:root:/ File:C:/Program Files/Epic Games/UE_4.27/FeaturePacks/TP_VehicleBP.upack)
[2022.02.16-03.10.40:536][  0]LogPakFile: OnPakFileMounted2Time == 0.000042
[2022.02.16-03.10.40:554][  0]LogPakFile: PakFile PrimaryIndexSize=192
[2022.02.16-03.10.40:554][  0]LogPakFile: PakFile PathHashIndexSize=101
[2022.02.16-03.10.40:554][  0]LogPakFile: PakFile FullDirectoryIndexSize=158
[2022.02.16-03.10.40:554][  0]LogShaderLibrary: Display: ShaderCodeLibraryPakFileMountedCallback: PakFile 'C:/Program Files/Epic Games/UE_4.27/FeaturePacks/TP_VirtualRealityBP.upack' (chunk index -1, root 'root:/') mounted
[2022.02.16-03.10.40:554][  0]LogShaderLibrary: Display: ShaderCodeLibraryPakFileMountedCallback: pending pak file info (ChunkID:-1 Root:root:/ File:C:/Program Files/Epic Games/UE_4.27/FeaturePacks/TP_VirtualRealityBP.upack)
[2022.02.16-03.10.40:554][  0]LogPakFile: OnPakFileMounted2Time == 0.000047
[2022.02.16-03.10.42:060][  0]LogNativeClassHierarchy: Verbose: Native class hierarchy updated for 'AddContentDialog' in 0.0006 seconds. Added 0 classes and 0 folders.
[2022.02.16-03.10.42:095][  0]LogNativeClassHierarchy: Verbose: Native class hierarchy updated for 'SceneOutliner' in 0.0006 seconds. Added 2 classes and 0 folders.
[2022.02.16-03.10.42:664][  0]LogNativeClassHierarchy: Verbose: Native class hierarchy updated for 'HierarchicalLODOutliner' in 0.0003 seconds. Added 0 classes and 0 folders.
[2022.02.16-03.10.42:664][  0]LogLoad: (Engine Initialization) Total time: 13.55 seconds
[2022.02.16-03.10.42:664][  0]LogLoad: (Engine Initialization) Total Blueprint compile time: 0.00 seconds
[2022.02.16-03.10.42:769][  0]LogAssetRegistry: Asset discovery search completed in 10.1374 seconds
[2022.02.16-03.10.42:890][  0]LogCollectionManager: Fixed up redirectors for 0 collections in 0.000003 seconds (updated 0 objects)
[2022.02.16-03.10.42:891][  0]LogContentStreaming: Texture pool size now 1000 MB
[2022.02.16-03.10.42:896][  0]LogSlate: Took 0.000134 seconds to synchronously load lazily loaded font '../../../Engine/Content/Slate/Fonts/Roboto-Regular.ttf' (155K)
[2022.02.16-03.10.42:908][  0]LogSlate: Took 0.010632 seconds to synchronously load lazily loaded font '../../../Engine/Content/Editor/Slate/Fonts/FontAwesome.ttf' (139K)
[2022.02.16-03.10.42:917][  0]LogSlate: Took 0.000168 seconds to synchronously load lazily loaded font '../../../Engine/Content/Slate/Fonts/Roboto-Bold.ttf' (160K)
[2022.02.16-03.10.43:338][  1]LogRenderer: Reallocating scene render targets to support 1372x604 Format 10 NumSamples 1 (Frame:1).
[2022.02.16-03.11.37:185][291]LogContentBrowser: Deferred new asset folder creation: NewFolder
[2022.02.16-03.11.37:236][291]LogContentBrowser: Creating deferred item: NewFolder
[2022.02.16-03.11.40:864][725]LogContentBrowser: Attempting asset rename: NewFolder -> Code
[2022.02.16-03.11.40:865][725]LogContentBrowser: End creating deferred item NewFolder
[2022.02.16-03.11.45:783][264]LogContentBrowser: Deferred new asset folder creation: NewFolder
[2022.02.16-03.11.45:806][264]LogContentBrowser: Creating deferred item: NewFolder
[2022.02.16-03.11.52:179][ 27]LogContentBrowser: Attempting asset rename: NewFolder -> Player
[2022.02.16-03.11.52:179][ 27]LogContentBrowser: End creating deferred item NewFolder
[2022.02.16-03.11.55:223][358]LogSlate: Took 0.015253 seconds to synchronously load lazily loaded font '../../../Engine/Content/Slate/Fonts/Roboto-Light.ttf' (167K)
[2022.02.16-03.11.55:347][358]LogEditorClassViewer: Warning: Class /Engine/Tutorial/InWorldBlueprintEditing/TutorialAssets/IWBE_Blutility.IWBE_Blutility_C has parent /Script/Blutility.PlacedEditorUtilityBase, but this parent is not found. The Class will not be shown in ClassViewer.
[2022.02.16-03.11.59:973][358]LogSlate: Window 'Pick Parent Class' being destroyed
[2022.02.16-03.12.00:003][358]LogContentBrowser: Deferred new asset file creation: NewBlueprint
[2022.02.16-03.12.00:009][358]LogContentBrowser: Creating deferred item: NewBlueprint
[2022.02.16-03.12.02:046][603]LogContentBrowser: Attempting asset rename: NewBlueprint -> Glide
[2022.02.16-03.12.02:070][603]LogContentBrowser: End creating deferred item NewBlueprint
